{
"/Users/djs/Google Drive/development/expectInputs/index.js":{"path":"/Users/djs/Google Drive/development/expectInputs/index.js","s":{"1":1,"2":1,"3":1,"4":1,"5":1,"6":1,"7":1,"8":1,"9":1,"10":1,"11":1,"12":1,"13":1,"14":1,"15":0,"16":0,"17":0,"18":0,"19":0,"20":0,"21":0,"22":0,"23":0,"24":0,"25":0,"26":0,"27":0,"28":0,"29":0,"30":0,"31":0,"32":0,"33":0,"34":1,"35":0,"36":0,"37":0,"38":0,"39":0,"40":0,"41":0,"42":0,"43":0,"44":0,"45":0,"46":1,"47":0,"48":0,"49":0,"50":0,"51":0,"52":0,"53":0,"54":0,"55":0,"56":0,"57":0,"58":1,"59":106,"60":9,"61":0,"62":9,"63":97,"64":8,"65":0,"66":8,"67":89,"68":9,"69":0,"70":9,"71":80,"72":4,"73":0,"74":4,"75":76,"76":4,"77":0,"78":4,"79":72,"80":8,"81":0,"82":8,"83":64,"84":8,"85":0,"86":8,"87":56,"88":1,"89":0,"90":1,"91":55,"92":3,"93":0,"94":3,"95":52,"96":0,"97":0,"98":0,"99":52,"100":0,"101":0,"102":0,"103":52,"104":0,"105":0,"106":0,"107":52,"108":0,"109":0,"110":0,"111":52,"112":0,"113":0,"114":0,"115":0,"116":0,"117":0,"118":0,"119":0,"120":0,"121":52,"122":0,"123":0,"124":0,"125":52,"126":1,"127":106,"128":106,"129":13,"130":0,"131":0,"132":0,"133":0,"134":13,"135":7,"136":13,"137":0,"138":0,"139":0,"140":0,"141":13,"142":0,"143":0,"144":0,"145":0,"146":0,"147":93,"148":47,"149":106},"b":{"1":[0,0],"2":[0,0],"3":[0,0],"4":[0,0],"5":[0,0],"6":[0,0],"7":[0,0],"8":[0,0],"9":[0,0],"10":[0,0],"11":[0,0],"12":[0,0],"13":[0,0],"14":[0,0],"15":[9,97],"16":[106,16],"17":[0,9],"18":[8,89],"19":[97,89,85,16],"20":[0,8],"21":[9,80],"22":[89,18],"23":[0,9],"24":[4,76],"25":[80,8],"26":[0,4],"27":[4,72],"28":[76,8],"29":[0,4],"30":[8,64],"31":[72,16],"32":[0,8],"33":[8,56],"34":[64,16],"35":[0,8],"36":[1,55],"37":[56,4],"38":[0,1],"39":[3,52],"40":[55,4],"41":[0,3],"42":[0,52],"43":[52,0],"44":[0,0],"45":[0,52],"46":[52,0],"47":[0,0],"48":[0,52],"49":[52,0],"50":[0,0],"51":[0,52],"52":[52,0],"53":[0,0],"54":[0,52],"55":[0,0],"56":[0,0],"57":[0,0],"58":[0,0],"59":[0,52],"60":[52,0],"61":[0,0],"62":[13,93],"63":[0,13],"64":[0,0],"65":[0,0],"66":[7,6],"67":[0,13],"68":[13,6],"69":[0,0],"70":[0,0],"71":[0,13],"72":[13,6],"73":[0,0],"74":[0,0],"75":[47,46]},"f":{"1":0,"2":0,"3":0,"4":0,"5":0,"6":0,"7":106,"8":106,"9":0,"10":0,"11":0},"fnMap":{"1":{"name":"(anonymous_1)","line":15,"loc":{"start":{"line":15,"column":18},"end":{"line":15,"column":52}}},"2":{"name":"(anonymous_2)","line":34,"loc":{"start":{"line":34,"column":15},"end":{"line":34,"column":29}}},"3":{"name":"(anonymous_3)","line":53,"loc":{"start":{"line":53,"column":17},"end":{"line":53,"column":45}}},"4":{"name":"(anonymous_4)","line":59,"loc":{"start":{"line":59,"column":21},"end":{"line":59,"column":48}}},"5":{"name":"(anonymous_5)","line":74,"loc":{"start":{"line":74,"column":17},"end":{"line":74,"column":45}}},"6":{"name":"(anonymous_6)","line":80,"loc":{"start":{"line":80,"column":21},"end":{"line":80,"column":48}}},"7":{"name":"(anonymous_7)","line":99,"loc":{"start":{"line":99,"column":18},"end":{"line":99,"column":50}}},"8":{"name":"(anonymous_8)","line":222,"loc":{"start":{"line":222,"column":32},"end":{"line":222,"column":64}}},"9":{"name":"(anonymous_9)","line":229,"loc":{"start":{"line":229,"column":20},"end":{"line":229,"column":42}}},"10":{"name":"(anonymous_10)","line":241,"loc":{"start":{"line":241,"column":20},"end":{"line":241,"column":35}}},"11":{"name":"(anonymous_11)","line":254,"loc":{"start":{"line":254,"column":19},"end":{"line":254,"column":33}}}},"statementMap":{"1":{"start":{"line":1,"column":0},"end":{"line":1,"column":45}},"2":{"start":{"line":2,"column":0},"end":{"line":2,"column":49}},"3":{"start":{"line":3,"column":0},"end":{"line":3,"column":51}},"4":{"start":{"line":4,"column":0},"end":{"line":4,"column":45}},"5":{"start":{"line":5,"column":0},"end":{"line":5,"column":55}},"6":{"start":{"line":6,"column":0},"end":{"line":6,"column":49}},"7":{"start":{"line":7,"column":0},"end":{"line":7,"column":47}},"8":{"start":{"line":8,"column":0},"end":{"line":8,"column":59}},"9":{"start":{"line":9,"column":0},"end":{"line":9,"column":83}},"10":{"start":{"line":10,"column":0},"end":{"line":10,"column":47}},"11":{"start":{"line":11,"column":0},"end":{"line":11,"column":49}},"12":{"start":{"line":12,"column":0},"end":{"line":12,"column":47}},"13":{"start":{"line":13,"column":0},"end":{"line":13,"column":59}},"14":{"start":{"line":15,"column":0},"end":{"line":51,"column":2}},"15":{"start":{"line":17,"column":2},"end":{"line":22,"column":3}},"16":{"start":{"line":18,"column":4},"end":{"line":20,"column":5}},"17":{"start":{"line":19,"column":6},"end":{"line":19,"column":66}},"18":{"start":{"line":21,"column":4},"end":{"line":21,"column":17}},"19":{"start":{"line":24,"column":2},"end":{"line":29,"column":3}},"20":{"start":{"line":25,"column":4},"end":{"line":27,"column":5}},"21":{"start":{"line":26,"column":6},"end":{"line":26,"column":70}},"22":{"start":{"line":28,"column":4},"end":{"line":28,"column":17}},"23":{"start":{"line":31,"column":2},"end":{"line":31,"column":20}},"24":{"start":{"line":32,"column":2},"end":{"line":32,"column":36}},"25":{"start":{"line":34,"column":2},"end":{"line":47,"column":5}},"26":{"start":{"line":35,"column":4},"end":{"line":46,"column":5}},"27":{"start":{"line":37,"column":6},"end":{"line":37,"column":47}},"28":{"start":{"line":39,"column":6},"end":{"line":39,"column":55}},"29":{"start":{"line":40,"column":6},"end":{"line":42,"column":7}},"30":{"start":{"line":41,"column":8},"end":{"line":41,"column":23}},"31":{"start":{"line":42,"column":8},"end":{"line":44,"column":7}},"32":{"start":{"line":43,"column":8},"end":{"line":43,"column":24}},"33":{"start":{"line":49,"column":2},"end":{"line":49,"column":16}},"34":{"start":{"line":53,"column":0},"end":{"line":72,"column":2}},"35":{"start":{"line":55,"column":2},"end":{"line":55,"column":19}},"36":{"start":{"line":56,"column":2},"end":{"line":56,"column":35}},"37":{"start":{"line":57,"column":2},"end":{"line":57,"column":39}},"38":{"start":{"line":59,"column":2},"end":{"line":68,"column":5}},"39":{"start":{"line":60,"column":4},"end":{"line":67,"column":5}},"40":{"start":{"line":61,"column":6},"end":{"line":66,"column":7}},"41":{"start":{"line":62,"column":8},"end":{"line":62,"column":70}},"42":{"start":{"line":63,"column":8},"end":{"line":63,"column":61}},"43":{"start":{"line":64,"column":13},"end":{"line":66,"column":7}},"44":{"start":{"line":65,"column":8},"end":{"line":65,"column":74}},"45":{"start":{"line":70,"column":2},"end":{"line":70,"column":22}},"46":{"start":{"line":74,"column":0},"end":{"line":97,"column":2}},"47":{"start":{"line":76,"column":2},"end":{"line":76,"column":20}},"48":{"start":{"line":77,"column":2},"end":{"line":77,"column":21}},"49":{"start":{"line":78,"column":2},"end":{"line":78,"column":35}},"50":{"start":{"line":80,"column":2},"end":{"line":89,"column":5}},"51":{"start":{"line":81,"column":4},"end":{"line":88,"column":5}},"52":{"start":{"line":83,"column":6},"end":{"line":85,"column":7}},"53":{"start":{"line":84,"column":8},"end":{"line":84,"column":23}},"54":{"start":{"line":87,"column":6},"end":{"line":87,"column":35}},"55":{"start":{"line":91,"column":2},"end":{"line":95,"column":3}},"56":{"start":{"line":92,"column":4},"end":{"line":92,"column":18}},"57":{"start":{"line":94,"column":4},"end":{"line":94,"column":19}},"58":{"start":{"line":99,"column":0},"end":{"line":220,"column":2}},"59":{"start":{"line":101,"column":2},"end":{"line":106,"column":3}},"60":{"start":{"line":102,"column":4},"end":{"line":104,"column":5}},"61":{"start":{"line":103,"column":6},"end":{"line":103,"column":39}},"62":{"start":{"line":105,"column":4},"end":{"line":105,"column":17}},"63":{"start":{"line":108,"column":2},"end":{"line":113,"column":3}},"64":{"start":{"line":109,"column":4},"end":{"line":111,"column":5}},"65":{"start":{"line":110,"column":6},"end":{"line":110,"column":41}},"66":{"start":{"line":112,"column":4},"end":{"line":112,"column":17}},"67":{"start":{"line":115,"column":2},"end":{"line":120,"column":3}},"68":{"start":{"line":116,"column":4},"end":{"line":118,"column":5}},"69":{"start":{"line":117,"column":6},"end":{"line":117,"column":44}},"70":{"start":{"line":119,"column":4},"end":{"line":119,"column":17}},"71":{"start":{"line":122,"column":2},"end":{"line":127,"column":3}},"72":{"start":{"line":123,"column":4},"end":{"line":125,"column":5}},"73":{"start":{"line":124,"column":6},"end":{"line":124,"column":41}},"74":{"start":{"line":126,"column":4},"end":{"line":126,"column":17}},"75":{"start":{"line":129,"column":2},"end":{"line":134,"column":3}},"76":{"start":{"line":130,"column":4},"end":{"line":132,"column":5}},"77":{"start":{"line":131,"column":6},"end":{"line":131,"column":46}},"78":{"start":{"line":133,"column":4},"end":{"line":133,"column":17}},"79":{"start":{"line":136,"column":2},"end":{"line":141,"column":3}},"80":{"start":{"line":137,"column":4},"end":{"line":139,"column":5}},"81":{"start":{"line":138,"column":6},"end":{"line":138,"column":43}},"82":{"start":{"line":140,"column":4},"end":{"line":140,"column":17}},"83":{"start":{"line":143,"column":2},"end":{"line":148,"column":3}},"84":{"start":{"line":144,"column":4},"end":{"line":146,"column":5}},"85":{"start":{"line":145,"column":6},"end":{"line":145,"column":42}},"86":{"start":{"line":147,"column":4},"end":{"line":147,"column":17}},"87":{"start":{"line":150,"column":2},"end":{"line":155,"column":3}},"88":{"start":{"line":151,"column":4},"end":{"line":153,"column":5}},"89":{"start":{"line":152,"column":6},"end":{"line":152,"column":48}},"90":{"start":{"line":154,"column":4},"end":{"line":154,"column":17}},"91":{"start":{"line":157,"column":2},"end":{"line":162,"column":3}},"92":{"start":{"line":158,"column":4},"end":{"line":160,"column":5}},"93":{"start":{"line":159,"column":6},"end":{"line":159,"column":60}},"94":{"start":{"line":161,"column":4},"end":{"line":161,"column":17}},"95":{"start":{"line":164,"column":2},"end":{"line":169,"column":3}},"96":{"start":{"line":165,"column":4},"end":{"line":167,"column":5}},"97":{"start":{"line":166,"column":6},"end":{"line":166,"column":43}},"98":{"start":{"line":168,"column":4},"end":{"line":168,"column":17}},"99":{"start":{"line":171,"column":2},"end":{"line":176,"column":3}},"100":{"start":{"line":172,"column":4},"end":{"line":174,"column":5}},"101":{"start":{"line":173,"column":6},"end":{"line":173,"column":44}},"102":{"start":{"line":175,"column":4},"end":{"line":175,"column":17}},"103":{"start":{"line":178,"column":2},"end":{"line":183,"column":3}},"104":{"start":{"line":179,"column":4},"end":{"line":181,"column":5}},"105":{"start":{"line":180,"column":6},"end":{"line":180,"column":43}},"106":{"start":{"line":182,"column":4},"end":{"line":182,"column":17}},"107":{"start":{"line":185,"column":2},"end":{"line":190,"column":3}},"108":{"start":{"line":186,"column":4},"end":{"line":188,"column":5}},"109":{"start":{"line":187,"column":6},"end":{"line":187,"column":48}},"110":{"start":{"line":189,"column":4},"end":{"line":189,"column":17}},"111":{"start":{"line":192,"column":2},"end":{"line":209,"column":3}},"112":{"start":{"line":194,"column":4},"end":{"line":200,"column":5}},"113":{"start":{"line":195,"column":6},"end":{"line":198,"column":7}},"114":{"start":{"line":196,"column":8},"end":{"line":196,"column":46}},"115":{"start":{"line":197,"column":8},"end":{"line":197,"column":90}},"116":{"start":{"line":199,"column":6},"end":{"line":199,"column":19}},"117":{"start":{"line":202,"column":4},"end":{"line":207,"column":5}},"118":{"start":{"line":203,"column":6},"end":{"line":205,"column":7}},"119":{"start":{"line":204,"column":8},"end":{"line":204,"column":46}},"120":{"start":{"line":206,"column":6},"end":{"line":206,"column":19}},"121":{"start":{"line":211,"column":2},"end":{"line":216,"column":3}},"122":{"start":{"line":212,"column":4},"end":{"line":214,"column":5}},"123":{"start":{"line":213,"column":6},"end":{"line":213,"column":51}},"124":{"start":{"line":215,"column":4},"end":{"line":215,"column":17}},"125":{"start":{"line":218,"column":2},"end":{"line":218,"column":14}},"126":{"start":{"line":222,"column":0},"end":{"line":272,"column":2}},"127":{"start":{"line":224,"column":2},"end":{"line":224,"column":20}},"128":{"start":{"line":226,"column":2},"end":{"line":268,"column":3}},"129":{"start":{"line":228,"column":4},"end":{"line":238,"column":5}},"130":{"start":{"line":229,"column":6},"end":{"line":235,"column":9}},"131":{"start":{"line":230,"column":8},"end":{"line":234,"column":9}},"132":{"start":{"line":231,"column":10},"end":{"line":233,"column":11}},"133":{"start":{"line":232,"column":12},"end":{"line":232,"column":27}},"134":{"start":{"line":236,"column":11},"end":{"line":238,"column":5}},"135":{"start":{"line":237,"column":6},"end":{"line":237,"column":21}},"136":{"start":{"line":240,"column":4},"end":{"line":248,"column":5}},"137":{"start":{"line":241,"column":6},"end":{"line":247,"column":9}},"138":{"start":{"line":242,"column":8},"end":{"line":246,"column":9}},"139":{"start":{"line":243,"column":10},"end":{"line":245,"column":11}},"140":{"start":{"line":244,"column":12},"end":{"line":244,"column":27}},"141":{"start":{"line":250,"column":4},"end":{"line":262,"column":5}},"142":{"start":{"line":252,"column":6},"end":{"line":252,"column":46}},"143":{"start":{"line":254,"column":6},"end":{"line":260,"column":9}},"144":{"start":{"line":255,"column":8},"end":{"line":259,"column":9}},"145":{"start":{"line":256,"column":10},"end":{"line":258,"column":11}},"146":{"start":{"line":257,"column":12},"end":{"line":257,"column":27}},"147":{"start":{"line":265,"column":4},"end":{"line":267,"column":5}},"148":{"start":{"line":266,"column":6},"end":{"line":266,"column":21}},"149":{"start":{"line":270,"column":2},"end":{"line":270,"column":16}}},"branchMap":{"1":{"line":17,"type":"if","locations":[{"start":{"line":17,"column":2},"end":{"line":17,"column":2}},{"start":{"line":17,"column":2},"end":{"line":17,"column":2}}]},"2":{"line":18,"type":"if","locations":[{"start":{"line":18,"column":4},"end":{"line":18,"column":4}},{"start":{"line":18,"column":4},"end":{"line":18,"column":4}}]},"3":{"line":24,"type":"if","locations":[{"start":{"line":24,"column":2},"end":{"line":24,"column":2}},{"start":{"line":24,"column":2},"end":{"line":24,"column":2}}]},"4":{"line":25,"type":"if","locations":[{"start":{"line":25,"column":4},"end":{"line":25,"column":4}},{"start":{"line":25,"column":4},"end":{"line":25,"column":4}}]},"5":{"line":35,"type":"if","locations":[{"start":{"line":35,"column":4},"end":{"line":35,"column":4}},{"start":{"line":35,"column":4},"end":{"line":35,"column":4}}]},"6":{"line":40,"type":"if","locations":[{"start":{"line":40,"column":6},"end":{"line":40,"column":6}},{"start":{"line":40,"column":6},"end":{"line":40,"column":6}}]},"7":{"line":42,"type":"if","locations":[{"start":{"line":42,"column":8},"end":{"line":42,"column":8}},{"start":{"line":42,"column":8},"end":{"line":42,"column":8}}]},"8":{"line":60,"type":"if","locations":[{"start":{"line":60,"column":4},"end":{"line":60,"column":4}},{"start":{"line":60,"column":4},"end":{"line":60,"column":4}}]},"9":{"line":61,"type":"if","locations":[{"start":{"line":61,"column":6},"end":{"line":61,"column":6}},{"start":{"line":61,"column":6},"end":{"line":61,"column":6}}]},"10":{"line":64,"type":"if","locations":[{"start":{"line":64,"column":13},"end":{"line":64,"column":13}},{"start":{"line":64,"column":13},"end":{"line":64,"column":13}}]},"11":{"line":81,"type":"if","locations":[{"start":{"line":81,"column":4},"end":{"line":81,"column":4}},{"start":{"line":81,"column":4},"end":{"line":81,"column":4}}]},"12":{"line":83,"type":"if","locations":[{"start":{"line":83,"column":6},"end":{"line":83,"column":6}},{"start":{"line":83,"column":6},"end":{"line":83,"column":6}}]},"13":{"line":83,"type":"binary-expr","locations":[{"start":{"line":83,"column":11},"end":{"line":83,"column":39}},{"start":{"line":83,"column":45},"end":{"line":83,"column":79}}]},"14":{"line":91,"type":"if","locations":[{"start":{"line":91,"column":2},"end":{"line":91,"column":2}},{"start":{"line":91,"column":2},"end":{"line":91,"column":2}}]},"15":{"line":101,"type":"if","locations":[{"start":{"line":101,"column":2},"end":{"line":101,"column":2}},{"start":{"line":101,"column":2},"end":{"line":101,"column":2}}]},"16":{"line":101,"type":"binary-expr","locations":[{"start":{"line":101,"column":6},"end":{"line":101,"column":34}},{"start":{"line":101,"column":38},"end":{"line":101,"column":79}}]},"17":{"line":102,"type":"if","locations":[{"start":{"line":102,"column":4},"end":{"line":102,"column":4}},{"start":{"line":102,"column":4},"end":{"line":102,"column":4}}]},"18":{"line":108,"type":"if","locations":[{"start":{"line":108,"column":2},"end":{"line":108,"column":2}},{"start":{"line":108,"column":2},"end":{"line":108,"column":2}}]},"19":{"line":108,"type":"binary-expr","locations":[{"start":{"line":108,"column":7},"end":{"line":108,"column":38}},{"start":{"line":108,"column":42},"end":{"line":108,"column":73}},{"start":{"line":108,"column":77},"end":{"line":108,"column":108}},{"start":{"line":108,"column":113},"end":{"line":108,"column":197}}]},"20":{"line":109,"type":"if","locations":[{"start":{"line":109,"column":4},"end":{"line":109,"column":4}},{"start":{"line":109,"column":4},"end":{"line":109,"column":4}}]},"21":{"line":115,"type":"if","locations":[{"start":{"line":115,"column":2},"end":{"line":115,"column":2}},{"start":{"line":115,"column":2},"end":{"line":115,"column":2}}]},"22":{"line":115,"type":"binary-expr","locations":[{"start":{"line":115,"column":6},"end":{"line":115,"column":37}},{"start":{"line":115,"column":41},"end":{"line":115,"column":88}}]},"23":{"line":116,"type":"if","locations":[{"start":{"line":116,"column":4},"end":{"line":116,"column":4}},{"start":{"line":116,"column":4},"end":{"line":116,"column":4}}]},"24":{"line":122,"type":"if","locations":[{"start":{"line":122,"column":2},"end":{"line":122,"column":2}},{"start":{"line":122,"column":2},"end":{"line":122,"column":2}}]},"25":{"line":122,"type":"binary-expr","locations":[{"start":{"line":122,"column":6},"end":{"line":122,"column":34}},{"start":{"line":122,"column":38},"end":{"line":122,"column":79}}]},"26":{"line":123,"type":"if","locations":[{"start":{"line":123,"column":4},"end":{"line":123,"column":4}},{"start":{"line":123,"column":4},"end":{"line":123,"column":4}}]},"27":{"line":129,"type":"if","locations":[{"start":{"line":129,"column":2},"end":{"line":129,"column":2}},{"start":{"line":129,"column":2},"end":{"line":129,"column":2}}]},"28":{"line":129,"type":"binary-expr","locations":[{"start":{"line":129,"column":6},"end":{"line":129,"column":39}},{"start":{"line":129,"column":43},"end":{"line":129,"column":94}}]},"29":{"line":130,"type":"if","locations":[{"start":{"line":130,"column":4},"end":{"line":130,"column":4}},{"start":{"line":130,"column":4},"end":{"line":130,"column":4}}]},"30":{"line":136,"type":"if","locations":[{"start":{"line":136,"column":2},"end":{"line":136,"column":2}},{"start":{"line":136,"column":2},"end":{"line":136,"column":2}}]},"31":{"line":136,"type":"binary-expr","locations":[{"start":{"line":136,"column":6},"end":{"line":136,"column":36}},{"start":{"line":136,"column":40},"end":{"line":136,"column":85}}]},"32":{"line":137,"type":"if","locations":[{"start":{"line":137,"column":4},"end":{"line":137,"column":4}},{"start":{"line":137,"column":4},"end":{"line":137,"column":4}}]},"33":{"line":143,"type":"if","locations":[{"start":{"line":143,"column":2},"end":{"line":143,"column":2}},{"start":{"line":143,"column":2},"end":{"line":143,"column":2}}]},"34":{"line":143,"type":"binary-expr","locations":[{"start":{"line":143,"column":6},"end":{"line":143,"column":35}},{"start":{"line":143,"column":39},"end":{"line":143,"column":82}}]},"35":{"line":144,"type":"if","locations":[{"start":{"line":144,"column":4},"end":{"line":144,"column":4}},{"start":{"line":144,"column":4},"end":{"line":144,"column":4}}]},"36":{"line":150,"type":"if","locations":[{"start":{"line":150,"column":2},"end":{"line":150,"column":2}},{"start":{"line":150,"column":2},"end":{"line":150,"column":2}}]},"37":{"line":150,"type":"binary-expr","locations":[{"start":{"line":150,"column":6},"end":{"line":150,"column":41}},{"start":{"line":150,"column":45},"end":{"line":150,"column":100}}]},"38":{"line":151,"type":"if","locations":[{"start":{"line":151,"column":4},"end":{"line":151,"column":4}},{"start":{"line":151,"column":4},"end":{"line":151,"column":4}}]},"39":{"line":157,"type":"if","locations":[{"start":{"line":157,"column":2},"end":{"line":157,"column":2}},{"start":{"line":157,"column":2},"end":{"line":157,"column":2}}]},"40":{"line":157,"type":"binary-expr","locations":[{"start":{"line":157,"column":6},"end":{"line":157,"column":53}},{"start":{"line":157,"column":57},"end":{"line":157,"column":136}}]},"41":{"line":158,"type":"if","locations":[{"start":{"line":158,"column":4},"end":{"line":158,"column":4}},{"start":{"line":158,"column":4},"end":{"line":158,"column":4}}]},"42":{"line":164,"type":"if","locations":[{"start":{"line":164,"column":2},"end":{"line":164,"column":2}},{"start":{"line":164,"column":2},"end":{"line":164,"column":2}}]},"43":{"line":164,"type":"binary-expr","locations":[{"start":{"line":164,"column":6},"end":{"line":164,"column":36}},{"start":{"line":164,"column":40},"end":{"line":164,"column":84}}]},"44":{"line":165,"type":"if","locations":[{"start":{"line":165,"column":4},"end":{"line":165,"column":4}},{"start":{"line":165,"column":4},"end":{"line":165,"column":4}}]},"45":{"line":171,"type":"if","locations":[{"start":{"line":171,"column":2},"end":{"line":171,"column":2}},{"start":{"line":171,"column":2},"end":{"line":171,"column":2}}]},"46":{"line":171,"type":"binary-expr","locations":[{"start":{"line":171,"column":6},"end":{"line":171,"column":37}},{"start":{"line":171,"column":41},"end":{"line":171,"column":87}}]},"47":{"line":172,"type":"if","locations":[{"start":{"line":172,"column":4},"end":{"line":172,"column":4}},{"start":{"line":172,"column":4},"end":{"line":172,"column":4}}]},"48":{"line":178,"type":"if","locations":[{"start":{"line":178,"column":2},"end":{"line":178,"column":2}},{"start":{"line":178,"column":2},"end":{"line":178,"column":2}}]},"49":{"line":178,"type":"binary-expr","locations":[{"start":{"line":178,"column":6},"end":{"line":178,"column":36}},{"start":{"line":178,"column":40},"end":{"line":178,"column":84}}]},"50":{"line":179,"type":"if","locations":[{"start":{"line":179,"column":4},"end":{"line":179,"column":4}},{"start":{"line":179,"column":4},"end":{"line":179,"column":4}}]},"51":{"line":185,"type":"if","locations":[{"start":{"line":185,"column":2},"end":{"line":185,"column":2}},{"start":{"line":185,"column":2},"end":{"line":185,"column":2}}]},"52":{"line":185,"type":"binary-expr","locations":[{"start":{"line":185,"column":6},"end":{"line":185,"column":41}},{"start":{"line":185,"column":45},"end":{"line":185,"column":100}}]},"53":{"line":186,"type":"if","locations":[{"start":{"line":186,"column":4},"end":{"line":186,"column":4}},{"start":{"line":186,"column":4},"end":{"line":186,"column":4}}]},"54":{"line":192,"type":"if","locations":[{"start":{"line":192,"column":2},"end":{"line":192,"column":2}},{"start":{"line":192,"column":2},"end":{"line":192,"column":2}}]},"55":{"line":194,"type":"if","locations":[{"start":{"line":194,"column":4},"end":{"line":194,"column":4}},{"start":{"line":194,"column":4},"end":{"line":194,"column":4}}]},"56":{"line":195,"type":"if","locations":[{"start":{"line":195,"column":6},"end":{"line":195,"column":6}},{"start":{"line":195,"column":6},"end":{"line":195,"column":6}}]},"57":{"line":202,"type":"if","locations":[{"start":{"line":202,"column":4},"end":{"line":202,"column":4}},{"start":{"line":202,"column":4},"end":{"line":202,"column":4}}]},"58":{"line":203,"type":"if","locations":[{"start":{"line":203,"column":6},"end":{"line":203,"column":6}},{"start":{"line":203,"column":6},"end":{"line":203,"column":6}}]},"59":{"line":211,"type":"if","locations":[{"start":{"line":211,"column":2},"end":{"line":211,"column":2}},{"start":{"line":211,"column":2},"end":{"line":211,"column":2}}]},"60":{"line":211,"type":"binary-expr","locations":[{"start":{"line":211,"column":6},"end":{"line":211,"column":37}},{"start":{"line":211,"column":41},"end":{"line":211,"column":86}}]},"61":{"line":212,"type":"if","locations":[{"start":{"line":212,"column":4},"end":{"line":212,"column":4}},{"start":{"line":212,"column":4},"end":{"line":212,"column":4}}]},"62":{"line":226,"type":"if","locations":[{"start":{"line":226,"column":2},"end":{"line":226,"column":2}},{"start":{"line":226,"column":2},"end":{"line":226,"column":2}}]},"63":{"line":228,"type":"if","locations":[{"start":{"line":228,"column":4},"end":{"line":228,"column":4}},{"start":{"line":228,"column":4},"end":{"line":228,"column":4}}]},"64":{"line":230,"type":"if","locations":[{"start":{"line":230,"column":8},"end":{"line":230,"column":8}},{"start":{"line":230,"column":8},"end":{"line":230,"column":8}}]},"65":{"line":231,"type":"if","locations":[{"start":{"line":231,"column":10},"end":{"line":231,"column":10}},{"start":{"line":231,"column":10},"end":{"line":231,"column":10}}]},"66":{"line":236,"type":"if","locations":[{"start":{"line":236,"column":11},"end":{"line":236,"column":11}},{"start":{"line":236,"column":11},"end":{"line":236,"column":11}}]},"67":{"line":240,"type":"if","locations":[{"start":{"line":240,"column":4},"end":{"line":240,"column":4}},{"start":{"line":240,"column":4},"end":{"line":240,"column":4}}]},"68":{"line":240,"type":"binary-expr","locations":[{"start":{"line":240,"column":8},"end":{"line":240,"column":14}},{"start":{"line":240,"column":18},"end":{"line":240,"column":33}}]},"69":{"line":242,"type":"if","locations":[{"start":{"line":242,"column":8},"end":{"line":242,"column":8}},{"start":{"line":242,"column":8},"end":{"line":242,"column":8}}]},"70":{"line":243,"type":"if","locations":[{"start":{"line":243,"column":10},"end":{"line":243,"column":10}},{"start":{"line":243,"column":10},"end":{"line":243,"column":10}}]},"71":{"line":250,"type":"if","locations":[{"start":{"line":250,"column":4},"end":{"line":250,"column":4}},{"start":{"line":250,"column":4},"end":{"line":250,"column":4}}]},"72":{"line":250,"type":"binary-expr","locations":[{"start":{"line":250,"column":8},"end":{"line":250,"column":14}},{"start":{"line":250,"column":18},"end":{"line":250,"column":33}}]},"73":{"line":255,"type":"if","locations":[{"start":{"line":255,"column":8},"end":{"line":255,"column":8}},{"start":{"line":255,"column":8},"end":{"line":255,"column":8}}]},"74":{"line":256,"type":"if","locations":[{"start":{"line":256,"column":10},"end":{"line":256,"column":10}},{"start":{"line":256,"column":10},"end":{"line":256,"column":10}}]},"75":{"line":265,"type":"if","locations":[{"start":{"line":265,"column":4},"end":{"line":265,"column":4}},{"start":{"line":265,"column":4},"end":{"line":265,"column":4}}]}},"l":{"1":1,"2":1,"3":1,"4":1,"5":1,"6":1,"7":1,"8":1,"9":1,"10":1,"11":1,"12":1,"13":1,"15":1,"17":0,"18":0,"19":0,"21":0,"24":0,"25":0,"26":0,"28":0,"31":0,"32":0,"34":0,"35":0,"37":0,"39":0,"40":0,"41":0,"42":0,"43":0,"49":0,"53":1,"55":0,"56":0,"57":0,"59":0,"60":0,"61":0,"62":0,"63":0,"64":0,"65":0,"70":0,"74":1,"76":0,"77":0,"78":0,"80":0,"81":0,"83":0,"84":0,"87":0,"91":0,"92":0,"94":0,"99":1,"101":106,"102":9,"103":0,"105":9,"108":97,"109":8,"110":0,"112":8,"115":89,"116":9,"117":0,"119":9,"122":80,"123":4,"124":0,"126":4,"129":76,"130":4,"131":0,"133":4,"136":72,"137":8,"138":0,"140":8,"143":64,"144":8,"145":0,"147":8,"150":56,"151":1,"152":0,"154":1,"157":55,"158":3,"159":0,"161":3,"164":52,"165":0,"166":0,"168":0,"171":52,"172":0,"173":0,"175":0,"178":52,"179":0,"180":0,"182":0,"185":52,"186":0,"187":0,"189":0,"192":52,"194":0,"195":0,"196":0,"197":0,"199":0,"202":0,"203":0,"204":0,"206":0,"211":52,"212":0,"213":0,"215":0,"218":52,"222":1,"224":106,"226":106,"228":13,"229":0,"230":0,"231":0,"232":0,"236":13,"237":7,"240":13,"241":0,"242":0,"243":0,"244":0,"250":13,"252":0,"254":0,"255":0,"256":0,"257":0,"265":93,"266":47,"270":106}},
"/Users/djs/Google Drive/development/expectInputs/lib/expectType.js":{"path":"/Users/djs/Google Drive/development/expectInputs/lib/expectType.js","s":{"1":1,"2":16,"3":0,"4":0,"5":0,"6":16,"7":2,"8":14,"9":2,"10":12,"11":2,"12":10,"13":1,"14":9,"15":1,"16":8,"17":1,"18":7},"b":{"1":[0,16],"2":[16,13,10,7,5,3],"3":[0,0],"4":[2,14],"5":[16,3,2],"6":[2,12],"7":[14,3],"8":[2,10],"9":[12,3],"10":[1,9],"11":[10,2],"12":[1,8],"13":[9,2],"14":[1,7],"15":[8,3]},"f":{"1":16},"fnMap":{"1":{"name":"(anonymous_1)","line":1,"loc":{"start":{"line":1,"column":30},"end":{"line":1,"column":61}}}},"statementMap":{"1":{"start":{"line":1,"column":0},"end":{"line":36,"column":2}},"2":{"start":{"line":3,"column":2},"end":{"line":8,"column":3}},"3":{"start":{"line":4,"column":4},"end":{"line":6,"column":5}},"4":{"start":{"line":5,"column":6},"end":{"line":5,"column":64}},"5":{"start":{"line":7,"column":4},"end":{"line":7,"column":17}},"6":{"start":{"line":10,"column":2},"end":{"line":12,"column":3}},"7":{"start":{"line":11,"column":4},"end":{"line":11,"column":17}},"8":{"start":{"line":14,"column":2},"end":{"line":16,"column":3}},"9":{"start":{"line":15,"column":4},"end":{"line":15,"column":17}},"10":{"start":{"line":18,"column":2},"end":{"line":20,"column":3}},"11":{"start":{"line":19,"column":4},"end":{"line":19,"column":17}},"12":{"start":{"line":22,"column":2},"end":{"line":24,"column":3}},"13":{"start":{"line":23,"column":4},"end":{"line":23,"column":17}},"14":{"start":{"line":26,"column":2},"end":{"line":28,"column":3}},"15":{"start":{"line":27,"column":4},"end":{"line":27,"column":17}},"16":{"start":{"line":30,"column":2},"end":{"line":32,"column":3}},"17":{"start":{"line":31,"column":4},"end":{"line":31,"column":17}},"18":{"start":{"line":34,"column":2},"end":{"line":34,"column":14}}},"branchMap":{"1":{"line":3,"type":"if","locations":[{"start":{"line":3,"column":2},"end":{"line":3,"column":2}},{"start":{"line":3,"column":2},"end":{"line":3,"column":2}}]},"2":{"line":3,"type":"binary-expr","locations":[{"start":{"line":3,"column":6},"end":{"line":3,"column":25}},{"start":{"line":3,"column":29},"end":{"line":3,"column":47}},{"start":{"line":3,"column":51},"end":{"line":3,"column":72}},{"start":{"line":3,"column":76},"end":{"line":3,"column":95}},{"start":{"line":3,"column":99},"end":{"line":3,"column":118}},{"start":{"line":3,"column":122},"end":{"line":3,"column":142}}]},"3":{"line":4,"type":"if","locations":[{"start":{"line":4,"column":4},"end":{"line":4,"column":4}},{"start":{"line":4,"column":4},"end":{"line":4,"column":4}}]},"4":{"line":10,"type":"if","locations":[{"start":{"line":10,"column":2},"end":{"line":10,"column":2}},{"start":{"line":10,"column":2},"end":{"line":10,"column":2}}]},"5":{"line":10,"type":"binary-expr","locations":[{"start":{"line":10,"column":6},"end":{"line":10,"column":25}},{"start":{"line":10,"column":30},"end":{"line":10,"column":56}},{"start":{"line":10,"column":60},"end":{"line":10,"column":80}}]},"6":{"line":14,"type":"if","locations":[{"start":{"line":14,"column":2},"end":{"line":14,"column":2}},{"start":{"line":14,"column":2},"end":{"line":14,"column":2}}]},"7":{"line":14,"type":"binary-expr","locations":[{"start":{"line":14,"column":6},"end":{"line":14,"column":24}},{"start":{"line":14,"column":28},"end":{"line":14,"column":49}}]},"8":{"line":18,"type":"if","locations":[{"start":{"line":18,"column":2},"end":{"line":18,"column":2}},{"start":{"line":18,"column":2},"end":{"line":18,"column":2}}]},"9":{"line":18,"type":"binary-expr","locations":[{"start":{"line":18,"column":6},"end":{"line":18,"column":27}},{"start":{"line":18,"column":31},"end":{"line":18,"column":59}}]},"10":{"line":22,"type":"if","locations":[{"start":{"line":22,"column":2},"end":{"line":22,"column":2}},{"start":{"line":22,"column":2},"end":{"line":22,"column":2}}]},"11":{"line":22,"type":"binary-expr","locations":[{"start":{"line":22,"column":6},"end":{"line":22,"column":25}},{"start":{"line":22,"column":29},"end":{"line":22,"column":55}}]},"12":{"line":26,"type":"if","locations":[{"start":{"line":26,"column":2},"end":{"line":26,"column":2}},{"start":{"line":26,"column":2},"end":{"line":26,"column":2}}]},"13":{"line":26,"type":"binary-expr","locations":[{"start":{"line":26,"column":6},"end":{"line":26,"column":25}},{"start":{"line":26,"column":29},"end":{"line":26,"column":55}}]},"14":{"line":30,"type":"if","locations":[{"start":{"line":30,"column":2},"end":{"line":30,"column":2}},{"start":{"line":30,"column":2},"end":{"line":30,"column":2}}]},"15":{"line":30,"type":"binary-expr","locations":[{"start":{"line":30,"column":6},"end":{"line":30,"column":26}},{"start":{"line":30,"column":30},"end":{"line":30,"column":57}}]}},"l":{"1":1,"3":16,"4":0,"5":0,"7":0,"10":16,"11":2,"14":14,"15":2,"18":12,"19":2,"22":10,"23":1,"26":9,"27":1,"30":8,"31":1,"34":7}},
"/Users/djs/Google Drive/development/expectInputs/lib/expectLength.js":{"path":"/Users/djs/Google Drive/development/expectInputs/lib/expectLength.js","s":{"1":1,"2":16,"3":8,"4":0,"5":0,"6":0,"7":8,"8":2,"9":6,"10":2,"11":12,"12":4,"13":0,"14":0,"15":0,"16":4,"17":2,"18":10,"19":4,"20":0,"21":0,"22":0,"23":4,"24":2,"25":8},"b":{"1":[8,8],"2":[0,8],"3":[8,4,4,4],"4":[0,0],"5":[2,6],"6":[8,4],"7":[2,4],"8":[6,4],"9":[4,8],"10":[0,4],"11":[4,4,4],"12":[0,0],"13":[2,2],"14":[4,6],"15":[0,4],"16":[4,4,4],"17":[0,0],"18":[2,2]},"f":{"1":16},"fnMap":{"1":{"name":"(anonymous_1)","line":1,"loc":{"start":{"line":1,"column":32},"end":{"line":1,"column":88}}}},"statementMap":{"1":{"start":{"line":1,"column":0},"end":{"line":52,"column":2}},"2":{"start":{"line":3,"column":2},"end":{"line":18,"column":3}},"3":{"start":{"line":5,"column":4},"end":{"line":10,"column":5}},"4":{"start":{"line":6,"column":6},"end":{"line":8,"column":7}},"5":{"start":{"line":7,"column":8},"end":{"line":7,"column":72}},"6":{"start":{"line":9,"column":6},"end":{"line":9,"column":19}},"7":{"start":{"line":12,"column":4},"end":{"line":16,"column":5}},"8":{"start":{"line":13,"column":6},"end":{"line":13,"column":19}},"9":{"start":{"line":14,"column":11},"end":{"line":16,"column":5}},"10":{"start":{"line":15,"column":6},"end":{"line":15,"column":19}},"11":{"start":{"line":20,"column":2},"end":{"line":33,"column":3}},"12":{"start":{"line":22,"column":4},"end":{"line":27,"column":5}},"13":{"start":{"line":23,"column":6},"end":{"line":25,"column":7}},"14":{"start":{"line":24,"column":8},"end":{"line":24,"column":72}},"15":{"start":{"line":26,"column":6},"end":{"line":26,"column":19}},"16":{"start":{"line":29,"column":4},"end":{"line":31,"column":5}},"17":{"start":{"line":30,"column":6},"end":{"line":30,"column":19}},"18":{"start":{"line":35,"column":2},"end":{"line":48,"column":3}},"19":{"start":{"line":37,"column":4},"end":{"line":42,"column":5}},"20":{"start":{"line":38,"column":6},"end":{"line":40,"column":7}},"21":{"start":{"line":39,"column":8},"end":{"line":39,"column":72}},"22":{"start":{"line":41,"column":6},"end":{"line":41,"column":19}},"23":{"start":{"line":44,"column":4},"end":{"line":46,"column":5}},"24":{"start":{"line":45,"column":6},"end":{"line":45,"column":19}},"25":{"start":{"line":50,"column":2},"end":{"line":50,"column":14}}},"branchMap":{"1":{"line":3,"type":"if","locations":[{"start":{"line":3,"column":2},"end":{"line":3,"column":2}},{"start":{"line":3,"column":2},"end":{"line":3,"column":2}}]},"2":{"line":5,"type":"if","locations":[{"start":{"line":5,"column":4},"end":{"line":5,"column":4}},{"start":{"line":5,"column":4},"end":{"line":5,"column":4}}]},"3":{"line":5,"type":"binary-expr","locations":[{"start":{"line":5,"column":8},"end":{"line":5,"column":39}},{"start":{"line":5,"column":44},"end":{"line":5,"column":74}},{"start":{"line":5,"column":79},"end":{"line":5,"column":109}},{"start":{"line":5,"column":113},"end":{"line":5,"column":126}}]},"4":{"line":6,"type":"if","locations":[{"start":{"line":6,"column":6},"end":{"line":6,"column":6}},{"start":{"line":6,"column":6},"end":{"line":6,"column":6}}]},"5":{"line":12,"type":"if","locations":[{"start":{"line":12,"column":4},"end":{"line":12,"column":4}},{"start":{"line":12,"column":4},"end":{"line":12,"column":4}}]},"6":{"line":12,"type":"binary-expr","locations":[{"start":{"line":12,"column":8},"end":{"line":12,"column":38}},{"start":{"line":12,"column":42},"end":{"line":12,"column":68}}]},"7":{"line":14,"type":"if","locations":[{"start":{"line":14,"column":11},"end":{"line":14,"column":11}},{"start":{"line":14,"column":11},"end":{"line":14,"column":11}}]},"8":{"line":14,"type":"binary-expr","locations":[{"start":{"line":14,"column":15},"end":{"line":14,"column":46}},{"start":{"line":14,"column":50},"end":{"line":14,"column":80}}]},"9":{"line":20,"type":"if","locations":[{"start":{"line":20,"column":2},"end":{"line":20,"column":2}},{"start":{"line":20,"column":2},"end":{"line":20,"column":2}}]},"10":{"line":22,"type":"if","locations":[{"start":{"line":22,"column":4},"end":{"line":22,"column":4}},{"start":{"line":22,"column":4},"end":{"line":22,"column":4}}]},"11":{"line":22,"type":"binary-expr","locations":[{"start":{"line":22,"column":8},"end":{"line":22,"column":38}},{"start":{"line":22,"column":43},"end":{"line":22,"column":73}},{"start":{"line":22,"column":77},"end":{"line":22,"column":90}}]},"12":{"line":23,"type":"if","locations":[{"start":{"line":23,"column":6},"end":{"line":23,"column":6}},{"start":{"line":23,"column":6},"end":{"line":23,"column":6}}]},"13":{"line":29,"type":"if","locations":[{"start":{"line":29,"column":4},"end":{"line":29,"column":4}},{"start":{"line":29,"column":4},"end":{"line":29,"column":4}}]},"14":{"line":35,"type":"if","locations":[{"start":{"line":35,"column":2},"end":{"line":35,"column":2}},{"start":{"line":35,"column":2},"end":{"line":35,"column":2}}]},"15":{"line":37,"type":"if","locations":[{"start":{"line":37,"column":4},"end":{"line":37,"column":4}},{"start":{"line":37,"column":4},"end":{"line":37,"column":4}}]},"16":{"line":37,"type":"binary-expr","locations":[{"start":{"line":37,"column":8},"end":{"line":37,"column":38}},{"start":{"line":37,"column":43},"end":{"line":37,"column":73}},{"start":{"line":37,"column":77},"end":{"line":37,"column":90}}]},"17":{"line":38,"type":"if","locations":[{"start":{"line":38,"column":6},"end":{"line":38,"column":6}},{"start":{"line":38,"column":6},"end":{"line":38,"column":6}}]},"18":{"line":44,"type":"if","locations":[{"start":{"line":44,"column":4},"end":{"line":44,"column":4}},{"start":{"line":44,"column":4},"end":{"line":44,"column":4}}]}},"l":{"1":1,"3":16,"5":8,"6":0,"7":0,"9":0,"12":8,"13":2,"14":6,"15":2,"20":12,"22":4,"23":0,"24":0,"26":0,"29":4,"30":2,"35":10,"37":4,"38":0,"39":0,"41":0,"44":4,"45":2,"50":8}},
"/Users/djs/Google Drive/development/expectInputs/lib/expectExactly.js":{"path":"/Users/djs/Google Drive/development/expectInputs/lib/expectExactly.js","s":{"1":1,"2":18,"3":0,"4":0,"5":0,"6":18,"7":9,"8":9},"b":{"1":[0,18],"2":[18,14,12,10,6],"3":[0,0],"4":[9,9]},"f":{"1":18},"fnMap":{"1":{"name":"(anonymous_1)","line":1,"loc":{"start":{"line":1,"column":33},"end":{"line":1,"column":67}}}},"statementMap":{"1":{"start":{"line":1,"column":0},"end":{"line":16,"column":2}},"2":{"start":{"line":3,"column":2},"end":{"line":8,"column":3}},"3":{"start":{"line":4,"column":4},"end":{"line":6,"column":5}},"4":{"start":{"line":5,"column":6},"end":{"line":5,"column":70}},"5":{"start":{"line":7,"column":4},"end":{"line":7,"column":17}},"6":{"start":{"line":10,"column":2},"end":{"line":14,"column":3}},"7":{"start":{"line":11,"column":4},"end":{"line":11,"column":16}},"8":{"start":{"line":13,"column":4},"end":{"line":13,"column":17}}},"branchMap":{"1":{"line":3,"type":"if","locations":[{"start":{"line":3,"column":2},"end":{"line":3,"column":2}},{"start":{"line":3,"column":2},"end":{"line":3,"column":2}}]},"2":{"line":3,"type":"binary-expr","locations":[{"start":{"line":3,"column":6},"end":{"line":3,"column":36}},{"start":{"line":3,"column":40},"end":{"line":3,"column":72}},{"start":{"line":3,"column":76},"end":{"line":3,"column":106}},{"start":{"line":3,"column":110},"end":{"line":3,"column":140}},{"start":{"line":3,"column":144},"end":{"line":3,"column":175}}]},"3":{"line":4,"type":"if","locations":[{"start":{"line":4,"column":4},"end":{"line":4,"column":4}},{"start":{"line":4,"column":4},"end":{"line":4,"column":4}}]},"4":{"line":10,"type":"if","locations":[{"start":{"line":10,"column":2},"end":{"line":10,"column":2}},{"start":{"line":10,"column":2},"end":{"line":10,"column":2}}]}},"l":{"1":1,"3":18,"4":0,"5":0,"7":0,"10":18,"11":9,"13":9}},
"/Users/djs/Google Drive/development/expectInputs/lib/expectNull.js":{"path":"/Users/djs/Google Drive/development/expectInputs/lib/expectNull.js","s":{"1":1,"2":8,"3":0,"4":0,"5":0,"6":8,"7":3,"8":5,"9":1,"10":4},"b":{"1":[0,8],"2":[0,0],"3":[3,5],"4":[8,4],"5":[1,4],"6":[5,4]},"f":{"1":8},"fnMap":{"1":{"name":"(anonymous_1)","line":1,"loc":{"start":{"line":1,"column":30},"end":{"line":1,"column":61}}}},"statementMap":{"1":{"start":{"line":1,"column":0},"end":{"line":20,"column":2}},"2":{"start":{"line":3,"column":2},"end":{"line":8,"column":3}},"3":{"start":{"line":4,"column":4},"end":{"line":6,"column":5}},"4":{"start":{"line":5,"column":6},"end":{"line":5,"column":64}},"5":{"start":{"line":7,"column":4},"end":{"line":7,"column":17}},"6":{"start":{"line":10,"column":2},"end":{"line":12,"column":3}},"7":{"start":{"line":11,"column":4},"end":{"line":11,"column":17}},"8":{"start":{"line":14,"column":2},"end":{"line":16,"column":3}},"9":{"start":{"line":15,"column":4},"end":{"line":15,"column":17}},"10":{"start":{"line":18,"column":2},"end":{"line":18,"column":14}}},"branchMap":{"1":{"line":3,"type":"if","locations":[{"start":{"line":3,"column":2},"end":{"line":3,"column":2}},{"start":{"line":3,"column":2},"end":{"line":3,"column":2}}]},"2":{"line":4,"type":"if","locations":[{"start":{"line":4,"column":4},"end":{"line":4,"column":4}},{"start":{"line":4,"column":4},"end":{"line":4,"column":4}}]},"3":{"line":10,"type":"if","locations":[{"start":{"line":10,"column":2},"end":{"line":10,"column":2}},{"start":{"line":10,"column":2},"end":{"line":10,"column":2}}]},"4":{"line":10,"type":"binary-expr","locations":[{"start":{"line":10,"column":6},"end":{"line":10,"column":12}},{"start":{"line":10,"column":16},"end":{"line":10,"column":30}}]},"5":{"line":14,"type":"if","locations":[{"start":{"line":14,"column":2},"end":{"line":14,"column":2}},{"start":{"line":14,"column":2},"end":{"line":14,"column":2}}]},"6":{"line":14,"type":"binary-expr","locations":[{"start":{"line":14,"column":6},"end":{"line":14,"column":13}},{"start":{"line":14,"column":17},"end":{"line":14,"column":31}}]}},"l":{"1":1,"3":8,"4":0,"5":0,"7":0,"10":8,"11":3,"14":5,"15":1,"18":4}},
"/Users/djs/Google Drive/development/expectInputs/lib/expectUndefined.js":{"path":"/Users/djs/Google Drive/development/expectInputs/lib/expectUndefined.js","s":{"1":1,"2":8,"3":0,"4":0,"5":0,"6":8,"7":3,"8":5,"9":1,"10":4},"b":{"1":[0,8],"2":[0,0],"3":[3,5],"4":[8,4],"5":[1,4],"6":[5,4]},"f":{"1":8},"fnMap":{"1":{"name":"(anonymous_1)","line":1,"loc":{"start":{"line":1,"column":35},"end":{"line":1,"column":71}}}},"statementMap":{"1":{"start":{"line":1,"column":0},"end":{"line":20,"column":2}},"2":{"start":{"line":3,"column":2},"end":{"line":8,"column":3}},"3":{"start":{"line":4,"column":4},"end":{"line":6,"column":5}},"4":{"start":{"line":5,"column":6},"end":{"line":5,"column":74}},"5":{"start":{"line":7,"column":4},"end":{"line":7,"column":17}},"6":{"start":{"line":10,"column":2},"end":{"line":12,"column":3}},"7":{"start":{"line":11,"column":4},"end":{"line":11,"column":17}},"8":{"start":{"line":14,"column":2},"end":{"line":16,"column":3}},"9":{"start":{"line":15,"column":4},"end":{"line":15,"column":17}},"10":{"start":{"line":18,"column":2},"end":{"line":18,"column":14}}},"branchMap":{"1":{"line":3,"type":"if","locations":[{"start":{"line":3,"column":2},"end":{"line":3,"column":2}},{"start":{"line":3,"column":2},"end":{"line":3,"column":2}}]},"2":{"line":4,"type":"if","locations":[{"start":{"line":4,"column":4},"end":{"line":4,"column":4}},{"start":{"line":4,"column":4},"end":{"line":4,"column":4}}]},"3":{"line":10,"type":"if","locations":[{"start":{"line":10,"column":2},"end":{"line":10,"column":2}},{"start":{"line":10,"column":2},"end":{"line":10,"column":2}}]},"4":{"line":10,"type":"binary-expr","locations":[{"start":{"line":10,"column":6},"end":{"line":10,"column":17}},{"start":{"line":10,"column":21},"end":{"line":10,"column":40}}]},"5":{"line":14,"type":"if","locations":[{"start":{"line":14,"column":2},"end":{"line":14,"column":2}},{"start":{"line":14,"column":2},"end":{"line":14,"column":2}}]},"6":{"line":14,"type":"binary-expr","locations":[{"start":{"line":14,"column":6},"end":{"line":14,"column":18}},{"start":{"line":14,"column":22},"end":{"line":14,"column":41}}]}},"l":{"1":1,"3":8,"4":0,"5":0,"7":0,"10":8,"11":3,"14":5,"15":1,"18":4}},
"/Users/djs/Google Drive/development/expectInputs/lib/expectTruthy.js":{"path":"/Users/djs/Google Drive/development/expectInputs/lib/expectTruthy.js","s":{"1":1,"2":16,"3":0,"4":0,"5":0,"6":16,"7":5,"8":11,"9":3,"10":8},"b":{"1":[0,16],"2":[0,0],"3":[5,11],"4":[16,8],"5":[3,8],"6":[11,8]},"f":{"1":16},"fnMap":{"1":{"name":"(anonymous_1)","line":1,"loc":{"start":{"line":1,"column":32},"end":{"line":1,"column":65}}}},"statementMap":{"1":{"start":{"line":1,"column":0},"end":{"line":20,"column":2}},"2":{"start":{"line":3,"column":2},"end":{"line":8,"column":3}},"3":{"start":{"line":4,"column":4},"end":{"line":6,"column":5}},"4":{"start":{"line":5,"column":6},"end":{"line":5,"column":68}},"5":{"start":{"line":7,"column":4},"end":{"line":7,"column":17}},"6":{"start":{"line":10,"column":2},"end":{"line":12,"column":3}},"7":{"start":{"line":11,"column":4},"end":{"line":11,"column":17}},"8":{"start":{"line":14,"column":2},"end":{"line":16,"column":3}},"9":{"start":{"line":15,"column":4},"end":{"line":15,"column":17}},"10":{"start":{"line":18,"column":2},"end":{"line":18,"column":14}}},"branchMap":{"1":{"line":3,"type":"if","locations":[{"start":{"line":3,"column":2},"end":{"line":3,"column":2}},{"start":{"line":3,"column":2},"end":{"line":3,"column":2}}]},"2":{"line":4,"type":"if","locations":[{"start":{"line":4,"column":4},"end":{"line":4,"column":4}},{"start":{"line":4,"column":4},"end":{"line":4,"column":4}}]},"3":{"line":10,"type":"if","locations":[{"start":{"line":10,"column":2},"end":{"line":10,"column":2}},{"start":{"line":10,"column":2},"end":{"line":10,"column":2}}]},"4":{"line":10,"type":"binary-expr","locations":[{"start":{"line":10,"column":6},"end":{"line":10,"column":14}},{"start":{"line":10,"column":18},"end":{"line":10,"column":24}}]},"5":{"line":14,"type":"if","locations":[{"start":{"line":14,"column":2},"end":{"line":14,"column":2}},{"start":{"line":14,"column":2},"end":{"line":14,"column":2}}]},"6":{"line":14,"type":"binary-expr","locations":[{"start":{"line":14,"column":6},"end":{"line":14,"column":15}},{"start":{"line":14,"column":19},"end":{"line":14,"column":24}}]}},"l":{"1":1,"3":16,"4":0,"5":0,"7":0,"10":16,"11":5,"14":11,"15":3,"18":8}},
"/Users/djs/Google Drive/development/expectInputs/lib/expectFalsy.js":{"path":"/Users/djs/Google Drive/development/expectInputs/lib/expectFalsy.js","s":{"1":1,"2":16,"3":0,"4":0,"5":0,"6":16,"7":3,"8":13,"9":5,"10":8},"b":{"1":[0,16],"2":[0,0],"3":[3,13],"4":[16,8],"5":[5,8],"6":[13,8]},"f":{"1":16},"fnMap":{"1":{"name":"(anonymous_1)","line":1,"loc":{"start":{"line":1,"column":31},"end":{"line":1,"column":63}}}},"statementMap":{"1":{"start":{"line":1,"column":0},"end":{"line":20,"column":2}},"2":{"start":{"line":3,"column":2},"end":{"line":8,"column":3}},"3":{"start":{"line":4,"column":4},"end":{"line":6,"column":5}},"4":{"start":{"line":5,"column":6},"end":{"line":5,"column":66}},"5":{"start":{"line":7,"column":4},"end":{"line":7,"column":17}},"6":{"start":{"line":10,"column":2},"end":{"line":12,"column":3}},"7":{"start":{"line":11,"column":4},"end":{"line":11,"column":17}},"8":{"start":{"line":14,"column":2},"end":{"line":16,"column":3}},"9":{"start":{"line":15,"column":4},"end":{"line":15,"column":17}},"10":{"start":{"line":18,"column":2},"end":{"line":18,"column":14}}},"branchMap":{"1":{"line":3,"type":"if","locations":[{"start":{"line":3,"column":2},"end":{"line":3,"column":2}},{"start":{"line":3,"column":2},"end":{"line":3,"column":2}}]},"2":{"line":4,"type":"if","locations":[{"start":{"line":4,"column":4},"end":{"line":4,"column":4}},{"start":{"line":4,"column":4},"end":{"line":4,"column":4}}]},"3":{"line":10,"type":"if","locations":[{"start":{"line":10,"column":2},"end":{"line":10,"column":2}},{"start":{"line":10,"column":2},"end":{"line":10,"column":2}}]},"4":{"line":10,"type":"binary-expr","locations":[{"start":{"line":10,"column":6},"end":{"line":10,"column":13}},{"start":{"line":10,"column":17},"end":{"line":10,"column":22}}]},"5":{"line":14,"type":"if","locations":[{"start":{"line":14,"column":2},"end":{"line":14,"column":2}},{"start":{"line":14,"column":2},"end":{"line":14,"column":2}}]},"6":{"line":14,"type":"binary-expr","locations":[{"start":{"line":14,"column":6},"end":{"line":14,"column":14}},{"start":{"line":14,"column":18},"end":{"line":14,"column":24}}]}},"l":{"1":1,"3":16,"4":0,"5":0,"7":0,"10":16,"11":3,"14":13,"15":5,"18":8}},
"/Users/djs/Google Drive/development/expectInputs/lib/expectWithinRange.js":{"path":"/Users/djs/Google Drive/development/expectInputs/lib/expectWithinRange.js","s":{"1":1,"2":4,"3":0,"4":0,"5":0,"6":4,"7":0,"8":0,"9":0,"10":4,"11":1,"12":3},"b":{"1":[0,4],"2":[0,0],"3":[0,4],"4":[4,4,4,4,4],"5":[0,0],"6":[1,3],"7":[4,4]},"f":{"1":4},"fnMap":{"1":{"name":"(anonymous_1)","line":1,"loc":{"start":{"line":1,"column":37},"end":{"line":1,"column":75}}}},"statementMap":{"1":{"start":{"line":1,"column":0},"end":{"line":23,"column":2}},"2":{"start":{"line":3,"column":2},"end":{"line":8,"column":3}},"3":{"start":{"line":4,"column":4},"end":{"line":6,"column":5}},"4":{"start":{"line":5,"column":6},"end":{"line":5,"column":79}},"5":{"start":{"line":7,"column":4},"end":{"line":7,"column":17}},"6":{"start":{"line":10,"column":2},"end":{"line":15,"column":3}},"7":{"start":{"line":11,"column":4},"end":{"line":13,"column":5}},"8":{"start":{"line":12,"column":6},"end":{"line":12,"column":78}},"9":{"start":{"line":14,"column":4},"end":{"line":14,"column":17}},"10":{"start":{"line":17,"column":2},"end":{"line":19,"column":3}},"11":{"start":{"line":18,"column":4},"end":{"line":18,"column":17}},"12":{"start":{"line":21,"column":2},"end":{"line":21,"column":14}}},"branchMap":{"1":{"line":3,"type":"if","locations":[{"start":{"line":3,"column":2},"end":{"line":3,"column":2}},{"start":{"line":3,"column":2},"end":{"line":3,"column":2}}]},"2":{"line":4,"type":"if","locations":[{"start":{"line":4,"column":4},"end":{"line":4,"column":4}},{"start":{"line":4,"column":4},"end":{"line":4,"column":4}}]},"3":{"line":10,"type":"if","locations":[{"start":{"line":10,"column":2},"end":{"line":10,"column":2}},{"start":{"line":10,"column":2},"end":{"line":10,"column":2}}]},"4":{"line":10,"type":"binary-expr","locations":[{"start":{"line":10,"column":6},"end":{"line":10,"column":35}},{"start":{"line":10,"column":39},"end":{"line":10,"column":65}},{"start":{"line":10,"column":69},"end":{"line":10,"column":106}},{"start":{"line":10,"column":110},"end":{"line":10,"column":147}},{"start":{"line":10,"column":151},"end":{"line":10,"column":186}}]},"5":{"line":11,"type":"if","locations":[{"start":{"line":11,"column":4},"end":{"line":11,"column":4}},{"start":{"line":11,"column":4},"end":{"line":11,"column":4}}]},"6":{"line":17,"type":"if","locations":[{"start":{"line":17,"column":2},"end":{"line":17,"column":2}},{"start":{"line":17,"column":2},"end":{"line":17,"column":2}}]},"7":{"line":17,"type":"binary-expr","locations":[{"start":{"line":17,"column":6},"end":{"line":17,"column":30}},{"start":{"line":17,"column":34},"end":{"line":17,"column":58}}]}},"l":{"1":1,"3":4,"4":0,"5":0,"7":0,"10":4,"11":0,"12":0,"14":0,"17":4,"18":1,"21":3}},
"/Users/djs/Google Drive/development/expectInputs/lib/expectWithinNonInclusiveRange.js":{"path":"/Users/djs/Google Drive/development/expectInputs/lib/expectWithinNonInclusiveRange.js","s":{"1":1,"2":4,"3":0,"4":0,"5":0,"6":4,"7":0,"8":0,"9":0,"10":4,"11":1,"12":3},"b":{"1":[0,4],"2":[0,0],"3":[0,4],"4":[4,4,4,4,4],"5":[0,0],"6":[1,3],"7":[4,3]},"f":{"1":4},"fnMap":{"1":{"name":"(anonymous_1)","line":1,"loc":{"start":{"line":1,"column":49},"end":{"line":1,"column":99}}}},"statementMap":{"1":{"start":{"line":1,"column":0},"end":{"line":23,"column":2}},"2":{"start":{"line":3,"column":2},"end":{"line":8,"column":3}},"3":{"start":{"line":4,"column":4},"end":{"line":6,"column":5}},"4":{"start":{"line":5,"column":6},"end":{"line":5,"column":91}},"5":{"start":{"line":7,"column":4},"end":{"line":7,"column":17}},"6":{"start":{"line":10,"column":2},"end":{"line":15,"column":3}},"7":{"start":{"line":11,"column":4},"end":{"line":13,"column":5}},"8":{"start":{"line":12,"column":6},"end":{"line":12,"column":102}},"9":{"start":{"line":14,"column":4},"end":{"line":14,"column":17}},"10":{"start":{"line":17,"column":2},"end":{"line":21,"column":3}},"11":{"start":{"line":18,"column":4},"end":{"line":18,"column":16}},"12":{"start":{"line":20,"column":4},"end":{"line":20,"column":17}}},"branchMap":{"1":{"line":3,"type":"if","locations":[{"start":{"line":3,"column":2},"end":{"line":3,"column":2}},{"start":{"line":3,"column":2},"end":{"line":3,"column":2}}]},"2":{"line":4,"type":"if","locations":[{"start":{"line":4,"column":4},"end":{"line":4,"column":4}},{"start":{"line":4,"column":4},"end":{"line":4,"column":4}}]},"3":{"line":10,"type":"if","locations":[{"start":{"line":10,"column":2},"end":{"line":10,"column":2}},{"start":{"line":10,"column":2},"end":{"line":10,"column":2}}]},"4":{"line":10,"type":"binary-expr","locations":[{"start":{"line":10,"column":6},"end":{"line":10,"column":47}},{"start":{"line":10,"column":51},"end":{"line":10,"column":89}},{"start":{"line":10,"column":93},"end":{"line":10,"column":142}},{"start":{"line":10,"column":146},"end":{"line":10,"column":195}},{"start":{"line":10,"column":199},"end":{"line":10,"column":258}}]},"5":{"line":11,"type":"if","locations":[{"start":{"line":11,"column":4},"end":{"line":11,"column":4}},{"start":{"line":11,"column":4},"end":{"line":11,"column":4}}]},"6":{"line":17,"type":"if","locations":[{"start":{"line":17,"column":2},"end":{"line":17,"column":2}},{"start":{"line":17,"column":2},"end":{"line":17,"column":2}}]},"7":{"line":17,"type":"binary-expr","locations":[{"start":{"line":17,"column":6},"end":{"line":17,"column":42}},{"start":{"line":17,"column":46},"end":{"line":17,"column":82}}]}},"l":{"1":1,"3":4,"4":0,"5":0,"7":0,"10":4,"11":0,"12":0,"14":0,"17":4,"18":1,"20":3}},
"/Users/djs/Google Drive/development/expectInputs/lib/expectAnyOf.js":{"path":"/Users/djs/Google Drive/development/expectInputs/lib/expectAnyOf.js","s":{"1":1,"2":0,"3":0,"4":0,"5":0,"6":0,"7":0,"8":0,"9":0,"10":0,"11":0,"12":0,"13":0,"14":0,"15":0,"16":0,"17":0,"18":0,"19":0,"20":0},"b":{"1":[0,0],"2":[0,0],"3":[0,0],"4":[0,0],"5":[0,0],"6":[0,0],"7":[0,0],"8":[0,0],"9":[0,0],"10":[0,0]},"f":{"1":0,"2":0,"3":0},"fnMap":{"1":{"name":"(anonymous_1)","line":1,"loc":{"start":{"line":1,"column":31},"end":{"line":1,"column":64}}},"2":{"name":"(anonymous_2)","line":13,"loc":{"start":{"line":13,"column":18},"end":{"line":13,"column":33}}},"3":{"name":"(anonymous_3)","line":24,"loc":{"start":{"line":24,"column":17},"end":{"line":24,"column":31}}}},"statementMap":{"1":{"start":{"line":1,"column":0},"end":{"line":38,"column":2}},"2":{"start":{"line":3,"column":2},"end":{"line":8,"column":3}},"3":{"start":{"line":4,"column":4},"end":{"line":6,"column":5}},"4":{"start":{"line":5,"column":6},"end":{"line":5,"column":68}},"5":{"start":{"line":7,"column":4},"end":{"line":7,"column":17}},"6":{"start":{"line":10,"column":2},"end":{"line":10,"column":20}},"7":{"start":{"line":12,"column":2},"end":{"line":34,"column":3}},"8":{"start":{"line":13,"column":4},"end":{"line":19,"column":7}},"9":{"start":{"line":14,"column":6},"end":{"line":18,"column":7}},"10":{"start":{"line":15,"column":8},"end":{"line":17,"column":9}},"11":{"start":{"line":16,"column":10},"end":{"line":16,"column":25}},"12":{"start":{"line":20,"column":9},"end":{"line":34,"column":3}},"13":{"start":{"line":22,"column":4},"end":{"line":22,"column":34}},"14":{"start":{"line":24,"column":4},"end":{"line":30,"column":7}},"15":{"start":{"line":25,"column":6},"end":{"line":29,"column":7}},"16":{"start":{"line":26,"column":8},"end":{"line":28,"column":9}},"17":{"start":{"line":27,"column":10},"end":{"line":27,"column":25}},"18":{"start":{"line":32,"column":9},"end":{"line":34,"column":3}},"19":{"start":{"line":33,"column":4},"end":{"line":33,"column":17}},"20":{"start":{"line":36,"column":2},"end":{"line":36,"column":16}}},"branchMap":{"1":{"line":3,"type":"if","locations":[{"start":{"line":3,"column":2},"end":{"line":3,"column":2}},{"start":{"line":3,"column":2},"end":{"line":3,"column":2}}]},"2":{"line":4,"type":"if","locations":[{"start":{"line":4,"column":4},"end":{"line":4,"column":4}},{"start":{"line":4,"column":4},"end":{"line":4,"column":4}}]},"3":{"line":12,"type":"if","locations":[{"start":{"line":12,"column":2},"end":{"line":12,"column":2}},{"start":{"line":12,"column":2},"end":{"line":12,"column":2}}]},"4":{"line":14,"type":"if","locations":[{"start":{"line":14,"column":6},"end":{"line":14,"column":6}},{"start":{"line":14,"column":6},"end":{"line":14,"column":6}}]},"5":{"line":15,"type":"if","locations":[{"start":{"line":15,"column":8},"end":{"line":15,"column":8}},{"start":{"line":15,"column":8},"end":{"line":15,"column":8}}]},"6":{"line":20,"type":"if","locations":[{"start":{"line":20,"column":9},"end":{"line":20,"column":9}},{"start":{"line":20,"column":9},"end":{"line":20,"column":9}}]},"7":{"line":20,"type":"binary-expr","locations":[{"start":{"line":20,"column":13},"end":{"line":20,"column":39}},{"start":{"line":20,"column":43},"end":{"line":20,"column":64}}]},"8":{"line":25,"type":"if","locations":[{"start":{"line":25,"column":6},"end":{"line":25,"column":6}},{"start":{"line":25,"column":6},"end":{"line":25,"column":6}}]},"9":{"line":26,"type":"if","locations":[{"start":{"line":26,"column":8},"end":{"line":26,"column":8}},{"start":{"line":26,"column":8},"end":{"line":26,"column":8}}]},"10":{"line":32,"type":"if","locations":[{"start":{"line":32,"column":9},"end":{"line":32,"column":9}},{"start":{"line":32,"column":9},"end":{"line":32,"column":9}}]}},"l":{"1":1,"3":0,"4":0,"5":0,"7":0,"10":0,"12":0,"13":0,"14":0,"15":0,"16":0,"20":0,"22":0,"24":0,"25":0,"26":0,"27":0,"32":0,"33":0,"36":0}},
"/Users/djs/Google Drive/development/expectInputs/lib/expectNoneOf.js":{"path":"/Users/djs/Google Drive/development/expectInputs/lib/expectNoneOf.js","s":{"1":1,"2":0,"3":0,"4":0,"5":0,"6":0,"7":0,"8":0,"9":0,"10":0,"11":0,"12":0,"13":0,"14":0,"15":0,"16":0,"17":0,"18":0,"19":0,"20":0},"b":{"1":[0,0],"2":[0,0],"3":[0,0],"4":[0,0],"5":[0,0],"6":[0,0],"7":[0,0],"8":[0,0],"9":[0,0],"10":[0,0]},"f":{"1":0,"2":0,"3":0},"fnMap":{"1":{"name":"(anonymous_1)","line":1,"loc":{"start":{"line":1,"column":32},"end":{"line":1,"column":66}}},"2":{"name":"(anonymous_2)","line":13,"loc":{"start":{"line":13,"column":18},"end":{"line":13,"column":33}}},"3":{"name":"(anonymous_3)","line":24,"loc":{"start":{"line":24,"column":17},"end":{"line":24,"column":31}}}},"statementMap":{"1":{"start":{"line":1,"column":0},"end":{"line":38,"column":2}},"2":{"start":{"line":3,"column":2},"end":{"line":8,"column":3}},"3":{"start":{"line":4,"column":4},"end":{"line":6,"column":5}},"4":{"start":{"line":5,"column":6},"end":{"line":5,"column":70}},"5":{"start":{"line":7,"column":4},"end":{"line":7,"column":17}},"6":{"start":{"line":10,"column":2},"end":{"line":10,"column":20}},"7":{"start":{"line":12,"column":2},"end":{"line":34,"column":3}},"8":{"start":{"line":13,"column":4},"end":{"line":19,"column":7}},"9":{"start":{"line":14,"column":6},"end":{"line":18,"column":7}},"10":{"start":{"line":15,"column":8},"end":{"line":17,"column":9}},"11":{"start":{"line":16,"column":10},"end":{"line":16,"column":25}},"12":{"start":{"line":20,"column":9},"end":{"line":34,"column":3}},"13":{"start":{"line":22,"column":4},"end":{"line":22,"column":34}},"14":{"start":{"line":24,"column":4},"end":{"line":30,"column":7}},"15":{"start":{"line":25,"column":6},"end":{"line":29,"column":7}},"16":{"start":{"line":26,"column":8},"end":{"line":28,"column":9}},"17":{"start":{"line":27,"column":10},"end":{"line":27,"column":25}},"18":{"start":{"line":32,"column":9},"end":{"line":34,"column":3}},"19":{"start":{"line":33,"column":4},"end":{"line":33,"column":17}},"20":{"start":{"line":36,"column":2},"end":{"line":36,"column":16}}},"branchMap":{"1":{"line":3,"type":"if","locations":[{"start":{"line":3,"column":2},"end":{"line":3,"column":2}},{"start":{"line":3,"column":2},"end":{"line":3,"column":2}}]},"2":{"line":4,"type":"if","locations":[{"start":{"line":4,"column":4},"end":{"line":4,"column":4}},{"start":{"line":4,"column":4},"end":{"line":4,"column":4}}]},"3":{"line":12,"type":"if","locations":[{"start":{"line":12,"column":2},"end":{"line":12,"column":2}},{"start":{"line":12,"column":2},"end":{"line":12,"column":2}}]},"4":{"line":14,"type":"if","locations":[{"start":{"line":14,"column":6},"end":{"line":14,"column":6}},{"start":{"line":14,"column":6},"end":{"line":14,"column":6}}]},"5":{"line":15,"type":"if","locations":[{"start":{"line":15,"column":8},"end":{"line":15,"column":8}},{"start":{"line":15,"column":8},"end":{"line":15,"column":8}}]},"6":{"line":20,"type":"if","locations":[{"start":{"line":20,"column":9},"end":{"line":20,"column":9}},{"start":{"line":20,"column":9},"end":{"line":20,"column":9}}]},"7":{"line":20,"type":"binary-expr","locations":[{"start":{"line":20,"column":13},"end":{"line":20,"column":39}},{"start":{"line":20,"column":43},"end":{"line":20,"column":64}}]},"8":{"line":25,"type":"if","locations":[{"start":{"line":25,"column":6},"end":{"line":25,"column":6}},{"start":{"line":25,"column":6},"end":{"line":25,"column":6}}]},"9":{"line":26,"type":"if","locations":[{"start":{"line":26,"column":8},"end":{"line":26,"column":8}},{"start":{"line":26,"column":8},"end":{"line":26,"column":8}}]},"10":{"line":32,"type":"if","locations":[{"start":{"line":32,"column":9},"end":{"line":32,"column":9}},{"start":{"line":32,"column":9},"end":{"line":32,"column":9}}]}},"l":{"1":1,"3":0,"4":0,"5":0,"7":0,"10":0,"12":0,"13":0,"14":0,"15":0,"16":0,"20":0,"22":0,"24":0,"25":0,"26":0,"27":0,"32":0,"33":0,"36":0}},
"/Users/djs/Google Drive/development/expectInputs/lib/expectAllOf.js":{"path":"/Users/djs/Google Drive/development/expectInputs/lib/expectAllOf.js","s":{"1":1,"2":0,"3":0,"4":0,"5":0,"6":0,"7":0,"8":0,"9":0,"10":0,"11":0,"12":0,"13":0,"14":0,"15":0,"16":0,"17":0,"18":0,"19":0,"20":0},"b":{"1":[0,0],"2":[0,0],"3":[0,0],"4":[0,0],"5":[0,0],"6":[0,0],"7":[0,0],"8":[0,0],"9":[0,0],"10":[0,0]},"f":{"1":0,"2":0,"3":0},"fnMap":{"1":{"name":"(anonymous_1)","line":1,"loc":{"start":{"line":1,"column":31},"end":{"line":1,"column":64}}},"2":{"name":"(anonymous_2)","line":13,"loc":{"start":{"line":13,"column":21},"end":{"line":13,"column":36}}},"3":{"name":"(anonymous_3)","line":24,"loc":{"start":{"line":24,"column":21},"end":{"line":24,"column":36}}}},"statementMap":{"1":{"start":{"line":1,"column":0},"end":{"line":38,"column":2}},"2":{"start":{"line":3,"column":2},"end":{"line":8,"column":3}},"3":{"start":{"line":4,"column":4},"end":{"line":6,"column":5}},"4":{"start":{"line":5,"column":6},"end":{"line":5,"column":68}},"5":{"start":{"line":7,"column":4},"end":{"line":7,"column":17}},"6":{"start":{"line":10,"column":2},"end":{"line":10,"column":20}},"7":{"start":{"line":12,"column":2},"end":{"line":34,"column":3}},"8":{"start":{"line":13,"column":4},"end":{"line":19,"column":7}},"9":{"start":{"line":14,"column":6},"end":{"line":18,"column":7}},"10":{"start":{"line":15,"column":8},"end":{"line":17,"column":9}},"11":{"start":{"line":16,"column":10},"end":{"line":16,"column":25}},"12":{"start":{"line":20,"column":9},"end":{"line":34,"column":3}},"13":{"start":{"line":22,"column":4},"end":{"line":22,"column":34}},"14":{"start":{"line":24,"column":4},"end":{"line":30,"column":7}},"15":{"start":{"line":25,"column":6},"end":{"line":29,"column":7}},"16":{"start":{"line":26,"column":8},"end":{"line":28,"column":9}},"17":{"start":{"line":27,"column":10},"end":{"line":27,"column":25}},"18":{"start":{"line":32,"column":9},"end":{"line":34,"column":3}},"19":{"start":{"line":33,"column":4},"end":{"line":33,"column":17}},"20":{"start":{"line":36,"column":2},"end":{"line":36,"column":16}}},"branchMap":{"1":{"line":3,"type":"if","locations":[{"start":{"line":3,"column":2},"end":{"line":3,"column":2}},{"start":{"line":3,"column":2},"end":{"line":3,"column":2}}]},"2":{"line":4,"type":"if","locations":[{"start":{"line":4,"column":4},"end":{"line":4,"column":4}},{"start":{"line":4,"column":4},"end":{"line":4,"column":4}}]},"3":{"line":12,"type":"if","locations":[{"start":{"line":12,"column":2},"end":{"line":12,"column":2}},{"start":{"line":12,"column":2},"end":{"line":12,"column":2}}]},"4":{"line":14,"type":"if","locations":[{"start":{"line":14,"column":6},"end":{"line":14,"column":6}},{"start":{"line":14,"column":6},"end":{"line":14,"column":6}}]},"5":{"line":15,"type":"if","locations":[{"start":{"line":15,"column":8},"end":{"line":15,"column":8}},{"start":{"line":15,"column":8},"end":{"line":15,"column":8}}]},"6":{"line":20,"type":"if","locations":[{"start":{"line":20,"column":9},"end":{"line":20,"column":9}},{"start":{"line":20,"column":9},"end":{"line":20,"column":9}}]},"7":{"line":20,"type":"binary-expr","locations":[{"start":{"line":20,"column":13},"end":{"line":20,"column":39}},{"start":{"line":20,"column":43},"end":{"line":20,"column":64}}]},"8":{"line":25,"type":"if","locations":[{"start":{"line":25,"column":6},"end":{"line":25,"column":6}},{"start":{"line":25,"column":6},"end":{"line":25,"column":6}}]},"9":{"line":26,"type":"if","locations":[{"start":{"line":26,"column":8},"end":{"line":26,"column":8}},{"start":{"line":26,"column":8},"end":{"line":26,"column":8}}]},"10":{"line":32,"type":"if","locations":[{"start":{"line":32,"column":9},"end":{"line":32,"column":9}},{"start":{"line":32,"column":9},"end":{"line":32,"column":9}}]}},"l":{"1":1,"3":0,"4":0,"5":0,"7":0,"10":0,"12":0,"13":0,"14":0,"15":0,"16":0,"20":0,"22":0,"24":0,"25":0,"26":0,"27":0,"32":0,"33":0,"36":0}},
"/Users/djs/Google Drive/development/expectInputs/lib/expectArrayOfType.js":{"path":"/Users/djs/Google Drive/development/expectInputs/lib/expectArrayOfType.js","s":{"1":1,"2":0,"3":0,"4":0,"5":0,"6":0,"7":0,"8":0,"9":0,"10":0,"11":0},"b":{"1":[0,0],"2":[0,0,0,0,0,0],"3":[0,0],"4":[0,0],"5":[0,0]},"f":{"1":0,"2":0},"fnMap":{"1":{"name":"(anonymous_1)","line":1,"loc":{"start":{"line":1,"column":37},"end":{"line":1,"column":75}}},"2":{"name":"(anonymous_2)","line":12,"loc":{"start":{"line":12,"column":16},"end":{"line":12,"column":31}}}},"statementMap":{"1":{"start":{"line":1,"column":0},"end":{"line":22,"column":2}},"2":{"start":{"line":3,"column":2},"end":{"line":8,"column":3}},"3":{"start":{"line":4,"column":4},"end":{"line":6,"column":5}},"4":{"start":{"line":5,"column":6},"end":{"line":5,"column":78}},"5":{"start":{"line":7,"column":4},"end":{"line":7,"column":17}},"6":{"start":{"line":10,"column":2},"end":{"line":10,"column":20}},"7":{"start":{"line":12,"column":2},"end":{"line":18,"column":5}},"8":{"start":{"line":13,"column":4},"end":{"line":17,"column":5}},"9":{"start":{"line":14,"column":6},"end":{"line":16,"column":7}},"10":{"start":{"line":15,"column":8},"end":{"line":15,"column":23}},"11":{"start":{"line":20,"column":2},"end":{"line":20,"column":16}}},"branchMap":{"1":{"line":3,"type":"if","locations":[{"start":{"line":3,"column":2},"end":{"line":3,"column":2}},{"start":{"line":3,"column":2},"end":{"line":3,"column":2}}]},"2":{"line":3,"type":"binary-expr","locations":[{"start":{"line":3,"column":6},"end":{"line":3,"column":32}},{"start":{"line":3,"column":36},"end":{"line":3,"column":61}},{"start":{"line":3,"column":65},"end":{"line":3,"column":93}},{"start":{"line":3,"column":97},"end":{"line":3,"column":123}},{"start":{"line":3,"column":127},"end":{"line":3,"column":153}},{"start":{"line":3,"column":157},"end":{"line":3,"column":184}}]},"3":{"line":4,"type":"if","locations":[{"start":{"line":4,"column":4},"end":{"line":4,"column":4}},{"start":{"line":4,"column":4},"end":{"line":4,"column":4}}]},"4":{"line":13,"type":"if","locations":[{"start":{"line":13,"column":4},"end":{"line":13,"column":4}},{"start":{"line":13,"column":4},"end":{"line":13,"column":4}}]},"5":{"line":14,"type":"if","locations":[{"start":{"line":14,"column":6},"end":{"line":14,"column":6}},{"start":{"line":14,"column":6},"end":{"line":14,"column":6}}]}},"l":{"1":1,"3":0,"4":0,"5":0,"7":0,"10":0,"12":0,"13":0,"14":0,"15":0,"20":0}}}
