TN:
SF:/Users/djs/Google Drive/development/expectInputs/index.js
FN:15,(anonymous_1)
FN:34,(anonymous_2)
FN:53,(anonymous_3)
FN:59,(anonymous_4)
FN:74,(anonymous_5)
FN:80,(anonymous_6)
FN:99,(anonymous_7)
FN:222,(anonymous_8)
FN:229,(anonymous_9)
FN:241,(anonymous_10)
FN:254,(anonymous_11)
FNF:11
FNH:2
FNDA:0,(anonymous_1)
FNDA:0,(anonymous_2)
FNDA:0,(anonymous_3)
FNDA:0,(anonymous_4)
FNDA:0,(anonymous_5)
FNDA:0,(anonymous_6)
FNDA:106,(anonymous_7)
FNDA:106,(anonymous_8)
FNDA:0,(anonymous_9)
FNDA:0,(anonymous_10)
FNDA:0,(anonymous_11)
DA:1,1
DA:2,1
DA:3,1
DA:4,1
DA:5,1
DA:6,1
DA:7,1
DA:8,1
DA:9,1
DA:10,1
DA:11,1
DA:12,1
DA:13,1
DA:15,1
DA:17,0
DA:18,0
DA:19,0
DA:21,0
DA:24,0
DA:25,0
DA:26,0
DA:28,0
DA:31,0
DA:32,0
DA:34,0
DA:35,0
DA:37,0
DA:39,0
DA:40,0
DA:41,0
DA:42,0
DA:43,0
DA:49,0
DA:53,1
DA:55,0
DA:56,0
DA:57,0
DA:59,0
DA:60,0
DA:61,0
DA:62,0
DA:63,0
DA:64,0
DA:65,0
DA:70,0
DA:74,1
DA:76,0
DA:77,0
DA:78,0
DA:80,0
DA:81,0
DA:83,0
DA:84,0
DA:87,0
DA:91,0
DA:92,0
DA:94,0
DA:99,1
DA:101,106
DA:102,9
DA:103,0
DA:105,9
DA:108,97
DA:109,8
DA:110,0
DA:112,8
DA:115,89
DA:116,9
DA:117,0
DA:119,9
DA:122,80
DA:123,4
DA:124,0
DA:126,4
DA:129,76
DA:130,4
DA:131,0
DA:133,4
DA:136,72
DA:137,8
DA:138,0
DA:140,8
DA:143,64
DA:144,8
DA:145,0
DA:147,8
DA:150,56
DA:151,1
DA:152,0
DA:154,1
DA:157,55
DA:158,3
DA:159,0
DA:161,3
DA:164,52
DA:165,0
DA:166,0
DA:168,0
DA:171,52
DA:172,0
DA:173,0
DA:175,0
DA:178,52
DA:179,0
DA:180,0
DA:182,0
DA:185,52
DA:186,0
DA:187,0
DA:189,0
DA:192,52
DA:194,0
DA:195,0
DA:196,0
DA:197,0
DA:199,0
DA:202,0
DA:203,0
DA:204,0
DA:206,0
DA:211,52
DA:212,0
DA:213,0
DA:215,0
DA:218,52
DA:222,1
DA:224,106
DA:226,106
DA:228,13
DA:229,0
DA:230,0
DA:231,0
DA:232,0
DA:236,13
DA:237,7
DA:240,13
DA:241,0
DA:242,0
DA:243,0
DA:244,0
DA:250,13
DA:252,0
DA:254,0
DA:255,0
DA:256,0
DA:257,0
DA:265,93
DA:266,47
DA:270,106
LF:149
LH:62
BRDA:17,1,0,0
BRDA:17,1,1,0
BRDA:18,2,0,0
BRDA:18,2,1,0
BRDA:24,3,0,0
BRDA:24,3,1,0
BRDA:25,4,0,0
BRDA:25,4,1,0
BRDA:35,5,0,0
BRDA:35,5,1,0
BRDA:40,6,0,0
BRDA:40,6,1,0
BRDA:42,7,0,0
BRDA:42,7,1,0
BRDA:60,8,0,0
BRDA:60,8,1,0
BRDA:61,9,0,0
BRDA:61,9,1,0
BRDA:64,10,0,0
BRDA:64,10,1,0
BRDA:81,11,0,0
BRDA:81,11,1,0
BRDA:83,12,0,0
BRDA:83,12,1,0
BRDA:83,13,0,0
BRDA:83,13,1,0
BRDA:91,14,0,0
BRDA:91,14,1,0
BRDA:101,15,0,9
BRDA:101,15,1,97
BRDA:101,16,0,106
BRDA:101,16,1,16
BRDA:102,17,0,0
BRDA:102,17,1,9
BRDA:108,18,0,8
BRDA:108,18,1,89
BRDA:108,19,0,97
BRDA:108,19,1,89
BRDA:108,19,2,85
BRDA:108,19,3,16
BRDA:109,20,0,0
BRDA:109,20,1,8
BRDA:115,21,0,9
BRDA:115,21,1,80
BRDA:115,22,0,89
BRDA:115,22,1,18
BRDA:116,23,0,0
BRDA:116,23,1,9
BRDA:122,24,0,4
BRDA:122,24,1,76
BRDA:122,25,0,80
BRDA:122,25,1,8
BRDA:123,26,0,0
BRDA:123,26,1,4
BRDA:129,27,0,4
BRDA:129,27,1,72
BRDA:129,28,0,76
BRDA:129,28,1,8
BRDA:130,29,0,0
BRDA:130,29,1,4
BRDA:136,30,0,8
BRDA:136,30,1,64
BRDA:136,31,0,72
BRDA:136,31,1,16
BRDA:137,32,0,0
BRDA:137,32,1,8
BRDA:143,33,0,8
BRDA:143,33,1,56
BRDA:143,34,0,64
BRDA:143,34,1,16
BRDA:144,35,0,0
BRDA:144,35,1,8
BRDA:150,36,0,1
BRDA:150,36,1,55
BRDA:150,37,0,56
BRDA:150,37,1,4
BRDA:151,38,0,0
BRDA:151,38,1,1
BRDA:157,39,0,3
BRDA:157,39,1,52
BRDA:157,40,0,55
BRDA:157,40,1,4
BRDA:158,41,0,0
BRDA:158,41,1,3
BRDA:164,42,0,0
BRDA:164,42,1,52
BRDA:164,43,0,52
BRDA:164,43,1,0
BRDA:165,44,0,0
BRDA:165,44,1,0
BRDA:171,45,0,0
BRDA:171,45,1,52
BRDA:171,46,0,52
BRDA:171,46,1,0
BRDA:172,47,0,0
BRDA:172,47,1,0
BRDA:178,48,0,0
BRDA:178,48,1,52
BRDA:178,49,0,52
BRDA:178,49,1,0
BRDA:179,50,0,0
BRDA:179,50,1,0
BRDA:185,51,0,0
BRDA:185,51,1,52
BRDA:185,52,0,52
BRDA:185,52,1,0
BRDA:186,53,0,0
BRDA:186,53,1,0
BRDA:192,54,0,0
BRDA:192,54,1,52
BRDA:194,55,0,0
BRDA:194,55,1,0
BRDA:195,56,0,0
BRDA:195,56,1,0
BRDA:202,57,0,0
BRDA:202,57,1,0
BRDA:203,58,0,0
BRDA:203,58,1,0
BRDA:211,59,0,0
BRDA:211,59,1,52
BRDA:211,60,0,52
BRDA:211,60,1,0
BRDA:212,61,0,0
BRDA:212,61,1,0
BRDA:226,62,0,13
BRDA:226,62,1,93
BRDA:228,63,0,0
BRDA:228,63,1,13
BRDA:230,64,0,0
BRDA:230,64,1,0
BRDA:231,65,0,0
BRDA:231,65,1,0
BRDA:236,66,0,7
BRDA:236,66,1,6
BRDA:240,67,0,0
BRDA:240,67,1,13
BRDA:240,68,0,13
BRDA:240,68,1,6
BRDA:242,69,0,0
BRDA:242,69,1,0
BRDA:243,70,0,0
BRDA:243,70,1,0
BRDA:250,71,0,0
BRDA:250,71,1,13
BRDA:250,72,0,13
BRDA:250,72,1,6
BRDA:255,73,0,0
BRDA:255,73,1,0
BRDA:256,74,0,0
BRDA:256,74,1,0
BRDA:265,75,0,47
BRDA:265,75,1,46
BRF:152
BRH:71
end_of_record
TN:
SF:/Users/djs/Google Drive/development/expectInputs/lib/expectType.js
FN:1,(anonymous_1)
FNF:1
FNH:1
FNDA:16,(anonymous_1)
DA:1,1
DA:3,16
DA:4,0
DA:5,0
DA:7,0
DA:10,16
DA:11,2
DA:14,14
DA:15,2
DA:18,12
DA:19,2
DA:22,10
DA:23,1
DA:26,9
DA:27,1
DA:30,8
DA:31,1
DA:34,7
LF:18
LH:15
BRDA:3,1,0,0
BRDA:3,1,1,16
BRDA:3,2,0,16
BRDA:3,2,1,13
BRDA:3,2,2,10
BRDA:3,2,3,7
BRDA:3,2,4,5
BRDA:3,2,5,3
BRDA:4,3,0,0
BRDA:4,3,1,0
BRDA:10,4,0,2
BRDA:10,4,1,14
BRDA:10,5,0,16
BRDA:10,5,1,3
BRDA:10,5,2,2
BRDA:14,6,0,2
BRDA:14,6,1,12
BRDA:14,7,0,14
BRDA:14,7,1,3
BRDA:18,8,0,2
BRDA:18,8,1,10
BRDA:18,9,0,12
BRDA:18,9,1,3
BRDA:22,10,0,1
BRDA:22,10,1,9
BRDA:22,11,0,10
BRDA:22,11,1,2
BRDA:26,12,0,1
BRDA:26,12,1,8
BRDA:26,13,0,9
BRDA:26,13,1,2
BRDA:30,14,0,1
BRDA:30,14,1,7
BRDA:30,15,0,8
BRDA:30,15,1,3
BRF:35
BRH:32
end_of_record
TN:
SF:/Users/djs/Google Drive/development/expectInputs/lib/expectLength.js
FN:1,(anonymous_1)
FNF:1
FNH:1
FNDA:16,(anonymous_1)
DA:1,1
DA:3,16
DA:5,8
DA:6,0
DA:7,0
DA:9,0
DA:12,8
DA:13,2
DA:14,6
DA:15,2
DA:20,12
DA:22,4
DA:23,0
DA:24,0
DA:26,0
DA:29,4
DA:30,2
DA:35,10
DA:37,4
DA:38,0
DA:39,0
DA:41,0
DA:44,4
DA:45,2
DA:50,8
LF:25
LH:16
BRDA:3,1,0,8
BRDA:3,1,1,8
BRDA:5,2,0,0
BRDA:5,2,1,8
BRDA:5,3,0,8
BRDA:5,3,1,4
BRDA:5,3,2,4
BRDA:5,3,3,4
BRDA:6,4,0,0
BRDA:6,4,1,0
BRDA:12,5,0,2
BRDA:12,5,1,6
BRDA:12,6,0,8
BRDA:12,6,1,4
BRDA:14,7,0,2
BRDA:14,7,1,4
BRDA:14,8,0,6
BRDA:14,8,1,4
BRDA:20,9,0,4
BRDA:20,9,1,8
BRDA:22,10,0,0
BRDA:22,10,1,4
BRDA:22,11,0,4
BRDA:22,11,1,4
BRDA:22,11,2,4
BRDA:23,12,0,0
BRDA:23,12,1,0
BRDA:29,13,0,2
BRDA:29,13,1,2
BRDA:35,14,0,4
BRDA:35,14,1,6
BRDA:37,15,0,0
BRDA:37,15,1,4
BRDA:37,16,0,4
BRDA:37,16,1,4
BRDA:37,16,2,4
BRDA:38,17,0,0
BRDA:38,17,1,0
BRDA:44,18,0,2
BRDA:44,18,1,2
BRF:40
BRH:31
end_of_record
TN:
SF:/Users/djs/Google Drive/development/expectInputs/lib/expectExactly.js
FN:1,(anonymous_1)
FNF:1
FNH:1
FNDA:18,(anonymous_1)
DA:1,1
DA:3,18
DA:4,0
DA:5,0
DA:7,0
DA:10,18
DA:11,9
DA:13,9
LF:8
LH:5
BRDA:3,1,0,0
BRDA:3,1,1,18
BRDA:3,2,0,18
BRDA:3,2,1,14
BRDA:3,2,2,12
BRDA:3,2,3,10
BRDA:3,2,4,6
BRDA:4,3,0,0
BRDA:4,3,1,0
BRDA:10,4,0,9
BRDA:10,4,1,9
BRF:11
BRH:8
end_of_record
TN:
SF:/Users/djs/Google Drive/development/expectInputs/lib/expectNull.js
FN:1,(anonymous_1)
FNF:1
FNH:1
FNDA:8,(anonymous_1)
DA:1,1
DA:3,8
DA:4,0
DA:5,0
DA:7,0
DA:10,8
DA:11,3
DA:14,5
DA:15,1
DA:18,4
LF:10
LH:7
BRDA:3,1,0,0
BRDA:3,1,1,8
BRDA:4,2,0,0
BRDA:4,2,1,0
BRDA:10,3,0,3
BRDA:10,3,1,5
BRDA:10,4,0,8
BRDA:10,4,1,4
BRDA:14,5,0,1
BRDA:14,5,1,4
BRDA:14,6,0,5
BRDA:14,6,1,4
BRF:12
BRH:9
end_of_record
TN:
SF:/Users/djs/Google Drive/development/expectInputs/lib/expectUndefined.js
FN:1,(anonymous_1)
FNF:1
FNH:1
FNDA:8,(anonymous_1)
DA:1,1
DA:3,8
DA:4,0
DA:5,0
DA:7,0
DA:10,8
DA:11,3
DA:14,5
DA:15,1
DA:18,4
LF:10
LH:7
BRDA:3,1,0,0
BRDA:3,1,1,8
BRDA:4,2,0,0
BRDA:4,2,1,0
BRDA:10,3,0,3
BRDA:10,3,1,5
BRDA:10,4,0,8
BRDA:10,4,1,4
BRDA:14,5,0,1
BRDA:14,5,1,4
BRDA:14,6,0,5
BRDA:14,6,1,4
BRF:12
BRH:9
end_of_record
TN:
SF:/Users/djs/Google Drive/development/expectInputs/lib/expectTruthy.js
FN:1,(anonymous_1)
FNF:1
FNH:1
FNDA:16,(anonymous_1)
DA:1,1
DA:3,16
DA:4,0
DA:5,0
DA:7,0
DA:10,16
DA:11,5
DA:14,11
DA:15,3
DA:18,8
LF:10
LH:7
BRDA:3,1,0,0
BRDA:3,1,1,16
BRDA:4,2,0,0
BRDA:4,2,1,0
BRDA:10,3,0,5
BRDA:10,3,1,11
BRDA:10,4,0,16
BRDA:10,4,1,8
BRDA:14,5,0,3
BRDA:14,5,1,8
BRDA:14,6,0,11
BRDA:14,6,1,8
BRF:12
BRH:9
end_of_record
TN:
SF:/Users/djs/Google Drive/development/expectInputs/lib/expectFalsy.js
FN:1,(anonymous_1)
FNF:1
FNH:1
FNDA:16,(anonymous_1)
DA:1,1
DA:3,16
DA:4,0
DA:5,0
DA:7,0
DA:10,16
DA:11,3
DA:14,13
DA:15,5
DA:18,8
LF:10
LH:7
BRDA:3,1,0,0
BRDA:3,1,1,16
BRDA:4,2,0,0
BRDA:4,2,1,0
BRDA:10,3,0,3
BRDA:10,3,1,13
BRDA:10,4,0,16
BRDA:10,4,1,8
BRDA:14,5,0,5
BRDA:14,5,1,8
BRDA:14,6,0,13
BRDA:14,6,1,8
BRF:12
BRH:9
end_of_record
TN:
SF:/Users/djs/Google Drive/development/expectInputs/lib/expectWithinRange.js
FN:1,(anonymous_1)
FNF:1
FNH:1
FNDA:4,(anonymous_1)
DA:1,1
DA:3,4
DA:4,0
DA:5,0
DA:7,0
DA:10,4
DA:11,0
DA:12,0
DA:14,0
DA:17,4
DA:18,1
DA:21,3
LF:12
LH:6
BRDA:3,1,0,0
BRDA:3,1,1,4
BRDA:4,2,0,0
BRDA:4,2,1,0
BRDA:10,3,0,0
BRDA:10,3,1,4
BRDA:10,4,0,4
BRDA:10,4,1,4
BRDA:10,4,2,4
BRDA:10,4,3,4
BRDA:10,4,4,4
BRDA:11,5,0,0
BRDA:11,5,1,0
BRDA:17,6,0,1
BRDA:17,6,1,3
BRDA:17,7,0,4
BRDA:17,7,1,4
BRF:17
BRH:11
end_of_record
TN:
SF:/Users/djs/Google Drive/development/expectInputs/lib/expectWithinNonInclusiveRange.js
FN:1,(anonymous_1)
FNF:1
FNH:1
FNDA:4,(anonymous_1)
DA:1,1
DA:3,4
DA:4,0
DA:5,0
DA:7,0
DA:10,4
DA:11,0
DA:12,0
DA:14,0
DA:17,4
DA:18,1
DA:20,3
LF:12
LH:6
BRDA:3,1,0,0
BRDA:3,1,1,4
BRDA:4,2,0,0
BRDA:4,2,1,0
BRDA:10,3,0,0
BRDA:10,3,1,4
BRDA:10,4,0,4
BRDA:10,4,1,4
BRDA:10,4,2,4
BRDA:10,4,3,4
BRDA:10,4,4,4
BRDA:11,5,0,0
BRDA:11,5,1,0
BRDA:17,6,0,1
BRDA:17,6,1,3
BRDA:17,7,0,4
BRDA:17,7,1,3
BRF:17
BRH:11
end_of_record
TN:
SF:/Users/djs/Google Drive/development/expectInputs/lib/expectAnyOf.js
FN:1,(anonymous_1)
FN:13,(anonymous_2)
FN:24,(anonymous_3)
FNF:3
FNH:0
FNDA:0,(anonymous_1)
FNDA:0,(anonymous_2)
FNDA:0,(anonymous_3)
DA:1,1
DA:3,0
DA:4,0
DA:5,0
DA:7,0
DA:10,0
DA:12,0
DA:13,0
DA:14,0
DA:15,0
DA:16,0
DA:20,0
DA:22,0
DA:24,0
DA:25,0
DA:26,0
DA:27,0
DA:32,0
DA:33,0
DA:36,0
LF:20
LH:1
BRDA:3,1,0,0
BRDA:3,1,1,0
BRDA:4,2,0,0
BRDA:4,2,1,0
BRDA:12,3,0,0
BRDA:12,3,1,0
BRDA:14,4,0,0
BRDA:14,4,1,0
BRDA:15,5,0,0
BRDA:15,5,1,0
BRDA:20,6,0,0
BRDA:20,6,1,0
BRDA:20,7,0,0
BRDA:20,7,1,0
BRDA:25,8,0,0
BRDA:25,8,1,0
BRDA:26,9,0,0
BRDA:26,9,1,0
BRDA:32,10,0,0
BRDA:32,10,1,0
BRF:20
BRH:0
end_of_record
TN:
SF:/Users/djs/Google Drive/development/expectInputs/lib/expectNoneOf.js
FN:1,(anonymous_1)
FN:13,(anonymous_2)
FN:24,(anonymous_3)
FNF:3
FNH:0
FNDA:0,(anonymous_1)
FNDA:0,(anonymous_2)
FNDA:0,(anonymous_3)
DA:1,1
DA:3,0
DA:4,0
DA:5,0
DA:7,0
DA:10,0
DA:12,0
DA:13,0
DA:14,0
DA:15,0
DA:16,0
DA:20,0
DA:22,0
DA:24,0
DA:25,0
DA:26,0
DA:27,0
DA:32,0
DA:33,0
DA:36,0
LF:20
LH:1
BRDA:3,1,0,0
BRDA:3,1,1,0
BRDA:4,2,0,0
BRDA:4,2,1,0
BRDA:12,3,0,0
BRDA:12,3,1,0
BRDA:14,4,0,0
BRDA:14,4,1,0
BRDA:15,5,0,0
BRDA:15,5,1,0
BRDA:20,6,0,0
BRDA:20,6,1,0
BRDA:20,7,0,0
BRDA:20,7,1,0
BRDA:25,8,0,0
BRDA:25,8,1,0
BRDA:26,9,0,0
BRDA:26,9,1,0
BRDA:32,10,0,0
BRDA:32,10,1,0
BRF:20
BRH:0
end_of_record
TN:
SF:/Users/djs/Google Drive/development/expectInputs/lib/expectAllOf.js
FN:1,(anonymous_1)
FN:13,(anonymous_2)
FN:24,(anonymous_3)
FNF:3
FNH:0
FNDA:0,(anonymous_1)
FNDA:0,(anonymous_2)
FNDA:0,(anonymous_3)
DA:1,1
DA:3,0
DA:4,0
DA:5,0
DA:7,0
DA:10,0
DA:12,0
DA:13,0
DA:14,0
DA:15,0
DA:16,0
DA:20,0
DA:22,0
DA:24,0
DA:25,0
DA:26,0
DA:27,0
DA:32,0
DA:33,0
DA:36,0
LF:20
LH:1
BRDA:3,1,0,0
BRDA:3,1,1,0
BRDA:4,2,0,0
BRDA:4,2,1,0
BRDA:12,3,0,0
BRDA:12,3,1,0
BRDA:14,4,0,0
BRDA:14,4,1,0
BRDA:15,5,0,0
BRDA:15,5,1,0
BRDA:20,6,0,0
BRDA:20,6,1,0
BRDA:20,7,0,0
BRDA:20,7,1,0
BRDA:25,8,0,0
BRDA:25,8,1,0
BRDA:26,9,0,0
BRDA:26,9,1,0
BRDA:32,10,0,0
BRDA:32,10,1,0
BRF:20
BRH:0
end_of_record
TN:
SF:/Users/djs/Google Drive/development/expectInputs/lib/expectArrayOfType.js
FN:1,(anonymous_1)
FN:12,(anonymous_2)
FNF:2
FNH:0
FNDA:0,(anonymous_1)
FNDA:0,(anonymous_2)
DA:1,1
DA:3,0
DA:4,0
DA:5,0
DA:7,0
DA:10,0
DA:12,0
DA:13,0
DA:14,0
DA:15,0
DA:20,0
LF:11
LH:1
BRDA:3,1,0,0
BRDA:3,1,1,0
BRDA:3,2,0,0
BRDA:3,2,1,0
BRDA:3,2,2,0
BRDA:3,2,3,0
BRDA:3,2,4,0
BRDA:3,2,5,0
BRDA:4,3,0,0
BRDA:4,3,1,0
BRDA:13,4,0,0
BRDA:13,4,1,0
BRDA:14,5,0,0
BRDA:14,5,1,0
BRF:14
BRH:0
end_of_record
